mode: set
github.com/antoniomralmeida/k2/internal/models/bin.go:16.33,18.2 1 0
github.com/antoniomralmeida/k2/internal/models/bin.go:20.40,22.2 1 0
github.com/antoniomralmeida/k2/internal/models/bin.go:24.29,25.33 1 0
github.com/antoniomralmeida/k2/internal/models/bin.go:25.33,27.53 2 0
github.com/antoniomralmeida/k2/internal/models/bin.go:27.53,29.4 1 0
github.com/antoniomralmeida/k2/internal/models/bin.go:33.31,35.2 1 0
github.com/antoniomralmeida/k2/internal/models/ebnf.go:20.33,22.2 1 0
github.com/antoniomralmeida/k2/internal/models/ebnf.go:24.55,25.28 1 0
github.com/antoniomralmeida/k2/internal/models/ebnf.go:25.28,26.21 1 0
github.com/antoniomralmeida/k2/internal/models/ebnf.go:26.21,28.4 1 0
github.com/antoniomralmeida/k2/internal/models/ebnf.go:29.3,29.27 1 0
github.com/antoniomralmeida/k2/internal/models/ebnf.go:29.27,31.4 1 0
github.com/antoniomralmeida/k2/internal/models/ebnf.go:33.2,33.11 1 0
github.com/antoniomralmeida/k2/internal/models/ebnf.go:36.76,38.16 2 0
github.com/antoniomralmeida/k2/internal/models/ebnf.go:38.16,39.73 1 0
github.com/antoniomralmeida/k2/internal/models/ebnf.go:39.73,43.4 3 0
github.com/antoniomralmeida/k2/internal/models/ebnf.go:45.3,45.30 1 0
github.com/antoniomralmeida/k2/internal/models/ebnf.go:45.30,46.63 1 0
github.com/antoniomralmeida/k2/internal/models/ebnf.go:46.63,47.56 1 0
github.com/antoniomralmeida/k2/internal/models/ebnf.go:47.56,48.33 1 0
github.com/antoniomralmeida/k2/internal/models/ebnf.go:48.33,50.7 1 0
github.com/antoniomralmeida/k2/internal/models/ebnf.go:52.10,52.44 1 0
github.com/antoniomralmeida/k2/internal/models/ebnf.go:52.44,55.56 3 0
github.com/antoniomralmeida/k2/internal/models/ebnf.go:55.56,56.33 1 0
github.com/antoniomralmeida/k2/internal/models/ebnf.go:56.33,58.7 1 0
github.com/antoniomralmeida/k2/internal/models/ebnf.go:60.10,61.32 1 0
github.com/antoniomralmeida/k2/internal/models/ebnf.go:61.32,63.6 1 0
github.com/antoniomralmeida/k2/internal/models/ebnf.go:67.2,67.12 1 0
github.com/antoniomralmeida/k2/internal/models/ebnf.go:70.52,76.2 5 0
github.com/antoniomralmeida/k2/internal/models/ebnf.go:78.92,80.29 2 0
github.com/antoniomralmeida/k2/internal/models/ebnf.go:80.29,82.3 1 0
github.com/antoniomralmeida/k2/internal/models/ebnf.go:83.2,83.43 1 0
github.com/antoniomralmeida/k2/internal/models/ebnf.go:86.54,87.29 1 0
github.com/antoniomralmeida/k2/internal/models/ebnf.go:87.29,89.3 1 0
github.com/antoniomralmeida/k2/internal/models/ebnf.go:92.48,95.16 2 0
github.com/antoniomralmeida/k2/internal/models/ebnf.go:95.16,97.3 1 0
github.com/antoniomralmeida/k2/internal/models/ebnf.go:98.2,102.39 5 0
github.com/antoniomralmeida/k2/internal/models/ebnf.go:102.39,104.3 1 0
github.com/antoniomralmeida/k2/internal/models/ebnf.go:106.2,107.29 2 0
github.com/antoniomralmeida/k2/internal/models/ebnf.go:107.29,111.34 3 0
github.com/antoniomralmeida/k2/internal/models/ebnf.go:111.34,112.22 1 0
github.com/antoniomralmeida/k2/internal/models/ebnf.go:112.22,115.10 3 0
github.com/antoniomralmeida/k2/internal/models/ebnf.go:118.3,118.20 1 0
github.com/antoniomralmeida/k2/internal/models/ebnf.go:118.20,124.28 6 0
github.com/antoniomralmeida/k2/internal/models/ebnf.go:124.28,125.12 1 0
github.com/antoniomralmeida/k2/internal/models/ebnf.go:126.71,127.18 1 0
github.com/antoniomralmeida/k2/internal/models/ebnf.go:127.18,128.19 1 0
github.com/antoniomralmeida/k2/internal/models/ebnf.go:128.19,131.8 2 0
github.com/antoniomralmeida/k2/internal/models/ebnf.go:132.12,132.23 1 0
github.com/antoniomralmeida/k2/internal/models/ebnf.go:132.23,134.17 2 0
github.com/antoniomralmeida/k2/internal/models/ebnf.go:134.17,136.8 1 0
github.com/antoniomralmeida/k2/internal/models/ebnf.go:137.7,139.21 3 0
github.com/antoniomralmeida/k2/internal/models/ebnf.go:140.12,141.19 1 0
github.com/antoniomralmeida/k2/internal/models/ebnf.go:141.19,144.8 2 0
github.com/antoniomralmeida/k2/internal/models/ebnf.go:146.6,146.56 1 0
github.com/antoniomralmeida/k2/internal/models/ebnf.go:146.56,147.19 1 0
github.com/antoniomralmeida/k2/internal/models/ebnf.go:147.19,149.8 1 0
github.com/antoniomralmeida/k2/internal/models/ebnf.go:149.13,151.8 1 0
github.com/antoniomralmeida/k2/internal/models/ebnf.go:153.53,155.19 2 0
github.com/antoniomralmeida/k2/internal/models/ebnf.go:156.53,159.19 3 0
github.com/antoniomralmeida/k2/internal/models/ebnf.go:160.13,160.13 0 0
github.com/antoniomralmeida/k2/internal/models/ebnf.go:163.4,163.29 1 0
github.com/antoniomralmeida/k2/internal/models/ebnf.go:166.2,167.28 2 0
github.com/antoniomralmeida/k2/internal/models/ebnf.go:167.28,168.30 1 0
github.com/antoniomralmeida/k2/internal/models/ebnf.go:168.30,169.37 1 0
github.com/antoniomralmeida/k2/internal/models/ebnf.go:169.37,171.26 2 0
github.com/antoniomralmeida/k2/internal/models/ebnf.go:171.26,172.51 1 0
github.com/antoniomralmeida/k2/internal/models/ebnf.go:172.51,173.43 1 0
github.com/antoniomralmeida/k2/internal/models/ebnf.go:173.43,175.13 2 0
github.com/antoniomralmeida/k2/internal/models/ebnf.go:178.6,178.39 1 0
github.com/antoniomralmeida/k2/internal/models/ebnf.go:178.39,181.7 2 0
github.com/antoniomralmeida/k2/internal/models/ebnf.go:185.4,185.30 1 0
github.com/antoniomralmeida/k2/internal/models/ebnf.go:185.30,186.45 1 0
github.com/antoniomralmeida/k2/internal/models/ebnf.go:186.45,189.6 2 0
github.com/antoniomralmeida/k2/internal/models/ebnf.go:193.2,193.24 1 0
github.com/antoniomralmeida/k2/internal/models/ebnf.go:193.24,196.3 1 0
github.com/antoniomralmeida/k2/internal/models/ebnf.go:197.2,199.16 3 0
github.com/antoniomralmeida/k2/internal/models/ebnf.go:199.16,201.3 1 0
github.com/antoniomralmeida/k2/internal/models/ebnf.go:201.8,203.3 1 0
github.com/antoniomralmeida/k2/internal/models/ebnf.go:204.2,204.10 1 0
github.com/antoniomralmeida/k2/internal/models/ebnf.go:207.89,208.44 1 0
github.com/antoniomralmeida/k2/internal/models/ebnf.go:208.44,209.47 1 0
github.com/antoniomralmeida/k2/internal/models/ebnf.go:209.47,211.51 2 0
github.com/antoniomralmeida/k2/internal/models/ebnf.go:211.51,213.5 1 0
github.com/antoniomralmeida/k2/internal/models/ebnf.go:213.10,213.46 1 0
github.com/antoniomralmeida/k2/internal/models/ebnf.go:213.46,215.5 1 0
github.com/antoniomralmeida/k2/internal/models/ebnf.go:215.10,215.44 1 0
github.com/antoniomralmeida/k2/internal/models/ebnf.go:215.44,217.5 1 0
github.com/antoniomralmeida/k2/internal/models/ebnf.go:220.2,220.11 1 0
github.com/antoniomralmeida/k2/internal/models/ebnf.go:223.50,226.40 3 0
github.com/antoniomralmeida/k2/internal/models/ebnf.go:226.40,227.47 1 0
github.com/antoniomralmeida/k2/internal/models/ebnf.go:227.47,229.15 2 0
github.com/antoniomralmeida/k2/internal/models/ebnf.go:229.15,231.16 2 0
github.com/antoniomralmeida/k2/internal/models/ebnf.go:231.16,235.6 3 0
github.com/antoniomralmeida/k2/internal/models/ebnf.go:236.5,237.79 2 0
github.com/antoniomralmeida/k2/internal/models/ebnf.go:237.79,239.6 1 0
github.com/antoniomralmeida/k2/internal/models/ebnf.go:243.2,243.42 1 0
github.com/antoniomralmeida/k2/internal/models/ebnf.go:243.42,245.44 2 0
github.com/antoniomralmeida/k2/internal/models/ebnf.go:245.44,247.4 1 0
github.com/antoniomralmeida/k2/internal/models/ebnf.go:247.9,250.4 2 0
github.com/antoniomralmeida/k2/internal/models/ebnf.go:251.3,251.34 1 0
github.com/antoniomralmeida/k2/internal/models/ebnf.go:251.34,254.4 2 0
github.com/antoniomralmeida/k2/internal/models/ebnf.go:255.3,255.34 1 0
github.com/antoniomralmeida/k2/internal/models/ebnf.go:255.34,257.4 1 0
github.com/antoniomralmeida/k2/internal/models/ebnf.go:261.41,262.28 1 0
github.com/antoniomralmeida/k2/internal/models/ebnf.go:262.28,263.20 1 0
github.com/antoniomralmeida/k2/internal/models/ebnf.go:263.20,265.4 1 0
github.com/antoniomralmeida/k2/internal/models/ebnf.go:267.2,267.11 1 0
github.com/antoniomralmeida/k2/internal/models/ebnf.go:270.32,274.2 3 0
github.com/antoniomralmeida/k2/internal/models/kbalert.go:18.64,27.2 4 0
github.com/antoniomralmeida/k2/internal/models/kbalert.go:29.47,32.17 3 0
github.com/antoniomralmeida/k2/internal/models/kbalert.go:32.17,35.17 3 0
github.com/antoniomralmeida/k2/internal/models/kbalert.go:35.17,37.4 1 0
github.com/antoniomralmeida/k2/internal/models/kbalert.go:38.3,38.23 1 0
github.com/antoniomralmeida/k2/internal/models/kbalert.go:40.2,41.12 2 0
github.com/antoniomralmeida/k2/internal/models/kbalert.go:44.63,46.2 1 0
github.com/antoniomralmeida/k2/internal/models/kbalert.go:48.37,51.2 1 0
github.com/antoniomralmeida/k2/internal/models/kbattribute.go:23.50,25.2 1 0
github.com/antoniomralmeida/k2/internal/models/kbattribute.go:27.53,29.35 2 0
github.com/antoniomralmeida/k2/internal/models/kbattribute.go:29.35,30.32 1 0
github.com/antoniomralmeida/k2/internal/models/kbattribute.go:30.32,32.9 2 0
github.com/antoniomralmeida/k2/internal/models/kbattribute.go:35.2,35.12 1 0
github.com/antoniomralmeida/k2/internal/models/kbattribute.go:35.12,37.3 1 0
github.com/antoniomralmeida/k2/internal/models/kbattribute.go:40.53,42.35 2 0
github.com/antoniomralmeida/k2/internal/models/kbattribute.go:42.35,43.32 1 0
github.com/antoniomralmeida/k2/internal/models/kbattribute.go:43.32,45.9 2 0
github.com/antoniomralmeida/k2/internal/models/kbattribute.go:48.2,48.12 1 0
github.com/antoniomralmeida/k2/internal/models/kbattribute.go:48.12,50.3 1 0
github.com/antoniomralmeida/k2/internal/models/kbattribute.go:53.49,54.29 1 0
github.com/antoniomralmeida/k2/internal/models/kbattribute.go:54.29,55.26 1 0
github.com/antoniomralmeida/k2/internal/models/kbattribute.go:55.26,57.4 1 0
github.com/antoniomralmeida/k2/internal/models/kbattribute.go:59.2,59.14 1 0
github.com/antoniomralmeida/k2/internal/models/kbattributeobject.go:43.46,44.25 1 0
github.com/antoniomralmeida/k2/internal/models/kbattributeobject.go:44.25,45.43 1 0
github.com/antoniomralmeida/k2/internal/models/kbattributeobject.go:45.43,47.61 2 0
github.com/antoniomralmeida/k2/internal/models/kbattributeobject.go:47.61,50.5 2 0
github.com/antoniomralmeida/k2/internal/models/kbattributeobject.go:52.3,52.14 1 0
github.com/antoniomralmeida/k2/internal/models/kbattributeobject.go:54.2,54.14 1 0
github.com/antoniomralmeida/k2/internal/models/kbattributeobject.go:57.79,60.36 3 0
github.com/antoniomralmeida/k2/internal/models/kbattributeobject.go:60.36,62.3 1 0
github.com/antoniomralmeida/k2/internal/models/kbattributeobject.go:63.2,63.21 1 0
github.com/antoniomralmeida/k2/internal/models/kbattributeobject.go:65.70,67.19 2 0
github.com/antoniomralmeida/k2/internal/models/kbattributeobject.go:67.19,68.37 1 0
github.com/antoniomralmeida/k2/internal/models/kbattributeobject.go:68.37,71.4 2 0
github.com/antoniomralmeida/k2/internal/models/kbattributeobject.go:72.3,72.70 1 0
github.com/antoniomralmeida/k2/internal/models/kbattributeobject.go:73.8,75.23 2 0
github.com/antoniomralmeida/k2/internal/models/kbattributeobject.go:75.23,76.53 1 0
github.com/antoniomralmeida/k2/internal/models/kbattributeobject.go:76.53,78.28 2 0
github.com/antoniomralmeida/k2/internal/models/kbattributeobject.go:78.28,80.6 1 0
github.com/antoniomralmeida/k2/internal/models/kbattributeobject.go:82.4,82.14 1 0
github.com/antoniomralmeida/k2/internal/models/kbattributeobject.go:84.3,84.23 1 0
github.com/antoniomralmeida/k2/internal/models/kbattributeobject.go:84.23,85.43 1 0
github.com/antoniomralmeida/k2/internal/models/kbattributeobject.go:85.43,86.40 1 0
github.com/antoniomralmeida/k2/internal/models/kbattributeobject.go:87.21,88.21 1 0
github.com/antoniomralmeida/k2/internal/models/kbattributeobject.go:89.27,90.27 1 0
github.com/antoniomralmeida/k2/internal/models/kbattributeobject.go:91.29,92.29 1 0
github.com/antoniomralmeida/k2/internal/models/kbattributeobject.go:95.4,95.14 1 0
github.com/antoniomralmeida/k2/internal/models/kbattributeobject.go:97.3,97.23 1 0
github.com/antoniomralmeida/k2/internal/models/kbattributeobject.go:97.23,98.36 1 0
github.com/antoniomralmeida/k2/internal/models/kbattributeobject.go:98.36,100.5 1 0
github.com/antoniomralmeida/k2/internal/models/kbattributeobject.go:101.4,101.14 1 0
github.com/antoniomralmeida/k2/internal/models/kbattributeobject.go:105.3,105.7 1 0
github.com/antoniomralmeida/k2/internal/models/kbattributeobject.go:105.7,106.11 1 0
github.com/antoniomralmeida/k2/internal/models/kbattributeobject.go:107.37,109.30 2 0
github.com/antoniomralmeida/k2/internal/models/kbattributeobject.go:110.19,111.28 1 0
github.com/antoniomralmeida/k2/internal/models/kbattributeobject.go:111.28,113.6 1 0
github.com/antoniomralmeida/k2/internal/models/kbattributeobject.go:119.53,121.2 1 0
github.com/antoniomralmeida/k2/internal/models/kbattributeobject.go:123.48,127.2 3 0
github.com/antoniomralmeida/k2/internal/models/kbattributeobject.go:129.70,131.2 1 0
github.com/antoniomralmeida/k2/internal/models/kbattributeobject.go:133.95,134.17 1 0
github.com/antoniomralmeida/k2/internal/models/kbattributeobject.go:134.17,137.3 2 0
github.com/antoniomralmeida/k2/internal/models/kbattributeobject.go:138.2,138.63 1 0
github.com/antoniomralmeida/k2/internal/models/kbattributeobject.go:138.63,141.3 2 0
github.com/antoniomralmeida/k2/internal/models/kbattributeobject.go:143.2,143.36 1 0
github.com/antoniomralmeida/k2/internal/models/kbattributeobject.go:143.36,147.3 3 0
github.com/antoniomralmeida/k2/internal/models/kbattributeobject.go:149.2,149.48 1 0
github.com/antoniomralmeida/k2/internal/models/kbattributeobject.go:149.48,151.33 2 0
github.com/antoniomralmeida/k2/internal/models/kbattributeobject.go:152.17,153.42 1 0
github.com/antoniomralmeida/k2/internal/models/kbattributeobject.go:154.15,156.18 2 0
github.com/antoniomralmeida/k2/internal/models/kbattributeobject.go:156.18,158.5 1 0
github.com/antoniomralmeida/k2/internal/models/kbattributeobject.go:158.10,161.5 2 0
github.com/antoniomralmeida/k2/internal/models/kbattributeobject.go:164.2,167.24 4 0
github.com/antoniomralmeida/k2/internal/models/kbattributeobject.go:167.25,170.3 0 0
github.com/antoniomralmeida/k2/internal/models/kbattributeobject.go:170.8,172.3 1 0
github.com/antoniomralmeida/k2/internal/models/kbattributeobject.go:174.2,174.39 1 0
github.com/antoniomralmeida/k2/internal/models/kbattributeobject.go:174.39,176.3 1 0
github.com/antoniomralmeida/k2/internal/models/kbattributeobject.go:177.2,177.11 1 0
github.com/antoniomralmeida/k2/internal/models/kbattributeobject.go:180.57,188.40 4 0
github.com/antoniomralmeida/k2/internal/models/kbattributeobject.go:188.40,196.21 8 0
github.com/antoniomralmeida/k2/internal/models/kbattributeobject.go:196.21,199.4 2 0
github.com/antoniomralmeida/k2/internal/models/kbattributeobject.go:200.3,203.23 4 0
github.com/antoniomralmeida/k2/internal/models/kbattributeobject.go:203.23,207.4 3 0
github.com/antoniomralmeida/k2/internal/models/kbattributeobject.go:208.3,213.58 6 0
github.com/antoniomralmeida/k2/internal/models/kbattributeobject.go:215.2,215.12 1 0
github.com/antoniomralmeida/k2/internal/models/kbattributeobject.go:218.51,220.40 2 0
github.com/antoniomralmeida/k2/internal/models/kbattributeobject.go:220.40,244.3 17 0
github.com/antoniomralmeida/k2/internal/models/kbattributeobject.go:246.2,246.12 1 0
github.com/antoniomralmeida/k2/internal/models/kbattributeobject.go:249.59,252.40 2 0
github.com/antoniomralmeida/k2/internal/models/kbattributeobject.go:252.40,276.3 17 0
github.com/antoniomralmeida/k2/internal/models/kbattributeobject.go:277.2,277.12 1 0
github.com/antoniomralmeida/k2/internal/models/kbattributeobject.go:280.51,282.85 2 0
github.com/antoniomralmeida/k2/internal/models/kbattributeobject.go:282.85,286.17 4 0
github.com/antoniomralmeida/k2/internal/models/kbattributeobject.go:286.17,288.4 1 0
github.com/antoniomralmeida/k2/internal/models/kbattributeobject.go:290.2,291.12 2 0
github.com/antoniomralmeida/k2/internal/models/kbattributeobject.go:294.62,295.22 1 0
github.com/antoniomralmeida/k2/internal/models/kbattributeobject.go:295.22,296.28 1 0
github.com/antoniomralmeida/k2/internal/models/kbattributeobject.go:296.28,298.4 1 0
github.com/antoniomralmeida/k2/internal/models/kbattributeobject.go:300.2,300.14 1 0
github.com/antoniomralmeida/k2/internal/models/kbclass.go:26.43,31.22 5 1
github.com/antoniomralmeida/k2/internal/models/kbclass.go:31.22,33.3 1 0
github.com/antoniomralmeida/k2/internal/models/kbclass.go:34.2,34.12 1 1
github.com/antoniomralmeida/k2/internal/models/kbclass.go:37.46,39.2 1 1
github.com/antoniomralmeida/k2/internal/models/kbclass.go:41.76,42.18 1 1
github.com/antoniomralmeida/k2/internal/models/kbclass.go:42.18,44.25 2 1
github.com/antoniomralmeida/k2/internal/models/kbclass.go:44.25,47.4 2 0
github.com/antoniomralmeida/k2/internal/models/kbclass.go:48.3,48.95 1 1
github.com/antoniomralmeida/k2/internal/models/kbclass.go:49.8,51.3 1 1
github.com/antoniomralmeida/k2/internal/models/kbclass.go:52.2,54.9 3 1
github.com/antoniomralmeida/k2/internal/models/kbclass.go:54.9,56.3 1 1
github.com/antoniomralmeida/k2/internal/models/kbclass.go:57.2,58.16 2 1
github.com/antoniomralmeida/k2/internal/models/kbclass.go:58.16,60.3 1 1
github.com/antoniomralmeida/k2/internal/models/kbclass.go:61.2,61.19 1 0
github.com/antoniomralmeida/k2/internal/models/kbclass.go:64.167,77.8 4 0
github.com/antoniomralmeida/k2/internal/models/kbclass.go:77.8,80.17 3 0
github.com/antoniomralmeida/k2/internal/models/kbclass.go:80.17,82.4 1 0
github.com/antoniomralmeida/k2/internal/models/kbclass.go:84.2,85.17 2 0
github.com/antoniomralmeida/k2/internal/models/kbclass.go:88.37,91.2 2 1
github.com/antoniomralmeida/k2/internal/models/kbclass.go:93.63,95.2 1 1
github.com/antoniomralmeida/k2/internal/models/kbclass.go:97.47,99.14 2 1
github.com/antoniomralmeida/k2/internal/models/kbclass.go:99.14,102.3 2 1
github.com/antoniomralmeida/k2/internal/models/kbclass.go:102.8,104.3 1 0
github.com/antoniomralmeida/k2/internal/models/kbclass.go:107.38,109.39 2 0
github.com/antoniomralmeida/k2/internal/models/kbclass.go:109.39,111.40 2 0
github.com/antoniomralmeida/k2/internal/models/kbclass.go:111.40,113.18 2 0
github.com/antoniomralmeida/k2/internal/models/kbclass.go:113.18,115.5 1 0
github.com/antoniomralmeida/k2/internal/models/kbclass.go:116.4,116.14 1 0
github.com/antoniomralmeida/k2/internal/models/kbclass.go:119.2,119.35 1 0
github.com/antoniomralmeida/k2/internal/models/kbclass.go:122.39,126.2 3 0
github.com/antoniomralmeida/k2/internal/models/kbclass.go:128.48,130.14 2 0
github.com/antoniomralmeida/k2/internal/models/kbclass.go:130.14,131.27 1 0
github.com/antoniomralmeida/k2/internal/models/kbclass.go:131.27,133.4 1 0
github.com/antoniomralmeida/k2/internal/models/kbclass.go:134.3,134.31 1 0
github.com/antoniomralmeida/k2/internal/models/kbclass.go:134.31,136.4 1 0
github.com/antoniomralmeida/k2/internal/models/kbclass.go:138.2,138.12 1 0
github.com/antoniomralmeida/k2/internal/models/kbclass.go:141.58,143.26 2 0
github.com/antoniomralmeida/k2/internal/models/kbclass.go:143.26,144.21 1 0
github.com/antoniomralmeida/k2/internal/models/kbclass.go:144.21,146.4 1 0
github.com/antoniomralmeida/k2/internal/models/kbclass.go:148.2,148.12 1 0
github.com/antoniomralmeida/k2/internal/models/kbclass.go:151.58,154.29 3 1
github.com/antoniomralmeida/k2/internal/models/kbclass.go:154.29,157.3 2 0
github.com/antoniomralmeida/k2/internal/models/kbclass.go:158.2,158.12 1 1
github.com/antoniomralmeida/k2/internal/models/kbhistory.go:23.39,26.2 1 0
github.com/antoniomralmeida/k2/internal/models/kbhistory.go:28.65,30.2 1 0
github.com/antoniomralmeida/k2/internal/models/kbhistory.go:32.56,41.6 4 0
github.com/antoniomralmeida/k2/internal/models/kbhistory.go:41.6,46.17 5 0
github.com/antoniomralmeida/k2/internal/models/kbhistory.go:46.17,48.4 1 0
github.com/antoniomralmeida/k2/internal/models/kbhistory.go:49.3,52.17 4 0
github.com/antoniomralmeida/k2/internal/models/kbhistory.go:52.17,54.4 1 0
github.com/antoniomralmeida/k2/internal/models/kbhistory.go:55.3,55.34 1 0
github.com/antoniomralmeida/k2/internal/models/kbhistory.go:55.34,57.4 1 0
github.com/antoniomralmeida/k2/internal/models/kbhistory.go:58.3,60.25 3 0
github.com/antoniomralmeida/k2/internal/models/kbhistory.go:60.25,62.4 1 0
github.com/antoniomralmeida/k2/internal/models/kbhistory.go:62.9,64.4 1 0
github.com/antoniomralmeida/k2/internal/models/kbhistory.go:68.51,71.16 3 0
github.com/antoniomralmeida/k2/internal/models/kbhistory.go:71.16,73.3 1 0
github.com/antoniomralmeida/k2/internal/models/kbhistory.go:74.2,74.12 1 0
github.com/antoniomralmeida/k2/internal/models/kbhistory.go:77.37,81.2 3 0
github.com/antoniomralmeida/k2/internal/models/kbobject.go:21.57,23.14 2 0
github.com/antoniomralmeida/k2/internal/models/kbobject.go:23.14,26.3 2 0
github.com/antoniomralmeida/k2/internal/models/kbobject.go:27.2,28.38 2 0
github.com/antoniomralmeida/k2/internal/models/kbobject.go:28.38,32.3 2 0
github.com/antoniomralmeida/k2/internal/models/kbobject.go:33.2,35.11 2 0
github.com/antoniomralmeida/k2/internal/models/kbobject.go:38.52,42.2 3 0
github.com/antoniomralmeida/k2/internal/models/kbobject.go:44.66,46.42 2 0
github.com/antoniomralmeida/k2/internal/models/kbobject.go:46.42,50.3 2 0
github.com/antoniomralmeida/k2/internal/models/kbobject.go:51.2,53.11 2 0
github.com/antoniomralmeida/k2/internal/models/kbobject.go:56.38,59.2 1 0
github.com/antoniomralmeida/k2/internal/models/kbobject.go:61.64,63.2 1 0
github.com/antoniomralmeida/k2/internal/models/kbobject.go:65.36,69.2 3 0
github.com/antoniomralmeida/k2/internal/models/kbobject.go:71.35,79.2 4 0
github.com/antoniomralmeida/k2/internal/models/kbrule.go:32.68,34.39 2 0
github.com/antoniomralmeida/k2/internal/models/kbrule.go:34.39,36.3 1 0
github.com/antoniomralmeida/k2/internal/models/kbrule.go:37.2,41.11 5 0
github.com/antoniomralmeida/k2/internal/models/kbrule.go:44.34,48.2 3 0
github.com/antoniomralmeida/k2/internal/models/kbrule.go:50.36,53.2 1 0
github.com/antoniomralmeida/k2/internal/models/kbrule.go:55.62,57.2 1 0
github.com/antoniomralmeida/k2/internal/models/kbrule.go:59.39,61.29 2 0
github.com/antoniomralmeida/k2/internal/models/kbrule.go:61.29,62.26 1 0
github.com/antoniomralmeida/k2/internal/models/kbrule.go:62.26,64.9 2 0
github.com/antoniomralmeida/k2/internal/models/kbrule.go:67.2,67.12 1 0
github.com/antoniomralmeida/k2/internal/models/kbrule.go:67.12,69.3 1 0
github.com/antoniomralmeida/k2/internal/models/kbrule.go:72.35,74.2 1 0
github.com/antoniomralmeida/k2/internal/models/kbrule.go:76.34,84.13 2 0
github.com/antoniomralmeida/k2/internal/models/kbrule.go:84.13,86.3 1 0
github.com/antoniomralmeida/k2/internal/models/kbrule.go:87.2,99.32 8 0
github.com/antoniomralmeida/k2/internal/models/kbrule.go:99.32,100.31 1 0
github.com/antoniomralmeida/k2/internal/models/kbrule.go:101.26,102.24 1 0
github.com/antoniomralmeida/k2/internal/models/kbrule.go:103.15,104.22 1 0
github.com/antoniomralmeida/k2/internal/models/kbrule.go:104.22,105.17 1 0
github.com/antoniomralmeida/k2/internal/models/kbrule.go:107.14,109.37 2 0
github.com/antoniomralmeida/k2/internal/models/kbrule.go:109.37,111.5 1 0
github.com/antoniomralmeida/k2/internal/models/kbrule.go:112.4,113.36 2 0
github.com/antoniomralmeida/k2/internal/models/kbrule.go:113.36,115.5 1 0
github.com/antoniomralmeida/k2/internal/models/kbrule.go:116.4,116.30 1 0
github.com/antoniomralmeida/k2/internal/models/kbrule.go:116.30,118.5 1 0
github.com/antoniomralmeida/k2/internal/models/kbrule.go:120.4,120.35 1 0
github.com/antoniomralmeida/k2/internal/models/kbrule.go:120.35,122.5 1 0
github.com/antoniomralmeida/k2/internal/models/kbrule.go:124.4,124.49 1 0
github.com/antoniomralmeida/k2/internal/models/kbrule.go:124.49,126.5 1 0
github.com/antoniomralmeida/k2/internal/models/kbrule.go:127.13,130.8 1 0
github.com/antoniomralmeida/k2/internal/models/kbrule.go:130.8,133.52 2 0
github.com/antoniomralmeida/k2/internal/models/kbrule.go:133.52,136.6 2 0
github.com/antoniomralmeida/k2/internal/models/kbrule.go:137.5,137.38 1 0
github.com/antoniomralmeida/k2/internal/models/kbrule.go:137.38,139.6 1 0
github.com/antoniomralmeida/k2/internal/models/kbrule.go:140.5,141.41 2 0
github.com/antoniomralmeida/k2/internal/models/kbrule.go:141.41,143.6 1 0
github.com/antoniomralmeida/k2/internal/models/kbrule.go:145.5,145.31 1 0
github.com/antoniomralmeida/k2/internal/models/kbrule.go:145.31,147.6 1 0
github.com/antoniomralmeida/k2/internal/models/kbrule.go:148.5,155.37 7 0
github.com/antoniomralmeida/k2/internal/models/kbrule.go:155.37,157.82 2 0
github.com/antoniomralmeida/k2/internal/models/kbrule.go:157.82,159.7 1 0
github.com/antoniomralmeida/k2/internal/models/kbrule.go:160.6,160.10 1 0
github.com/antoniomralmeida/k2/internal/models/kbrule.go:162.5,162.33 1 0
github.com/antoniomralmeida/k2/internal/models/kbrule.go:163.15,164.36 1 0
github.com/antoniomralmeida/k2/internal/models/kbrule.go:165.18,166.36 1 0
github.com/antoniomralmeida/k2/internal/models/kbrule.go:167.22,168.36 1 0
github.com/antoniomralmeida/k2/internal/models/kbrule.go:169.17,172.38 3 0
github.com/antoniomralmeida/k2/internal/models/kbrule.go:172.38,175.7 2 0
github.com/antoniomralmeida/k2/internal/models/kbrule.go:176.20,179.38 3 0
github.com/antoniomralmeida/k2/internal/models/kbrule.go:179.38,182.7 2 0
github.com/antoniomralmeida/k2/internal/models/kbrule.go:184.5,185.106 2 0
github.com/antoniomralmeida/k2/internal/models/kbrule.go:185.106,187.6 1 0
github.com/antoniomralmeida/k2/internal/models/kbrule.go:188.5,189.53 2 0
github.com/antoniomralmeida/k2/internal/models/kbrule.go:189.53,192.6 2 0
github.com/antoniomralmeida/k2/internal/models/kbrule.go:194.5,194.33 1 0
github.com/antoniomralmeida/k2/internal/models/kbrule.go:195.17,196.17 1 0
github.com/antoniomralmeida/k2/internal/models/kbrule.go:197.16,200.55 3 0
github.com/antoniomralmeida/k2/internal/models/kbrule.go:201.15,203.55 2 0
github.com/antoniomralmeida/k2/internal/models/kbrule.go:206.11,207.8 1 0
github.com/antoniomralmeida/k2/internal/models/kbrule.go:211.2,211.20 1 0
github.com/antoniomralmeida/k2/internal/models/kbrule.go:211.20,215.25 4 0
github.com/antoniomralmeida/k2/internal/models/kbrule.go:215.25,218.30 3 0
github.com/antoniomralmeida/k2/internal/models/kbrule.go:218.30,221.5 2 0
github.com/antoniomralmeida/k2/internal/models/kbrule.go:222.4,223.27 2 0
github.com/antoniomralmeida/k2/internal/models/kbrule.go:226.3,226.7 1 0
github.com/antoniomralmeida/k2/internal/models/kbrule.go:226.7,232.27 6 0
github.com/antoniomralmeida/k2/internal/models/kbrule.go:232.27,233.43 1 0
github.com/antoniomralmeida/k2/internal/models/kbrule.go:233.43,235.11 2 0
github.com/antoniomralmeida/k2/internal/models/kbrule.go:237.5,240.44 4 0
github.com/antoniomralmeida/k2/internal/models/kbrule.go:242.4,242.10 1 0
github.com/antoniomralmeida/k2/internal/models/kbrule.go:242.10,248.23 6 0
github.com/antoniomralmeida/k2/internal/models/kbrule.go:248.23,250.6 1 0
github.com/antoniomralmeida/k2/internal/models/kbrule.go:252.4,252.14 1 0
github.com/antoniomralmeida/k2/internal/models/kbrule.go:252.14,253.10 1 0
github.com/antoniomralmeida/k2/internal/models/kbrule.go:256.8,258.3 1 0
github.com/antoniomralmeida/k2/internal/models/kbrule.go:259.2,262.12 4 0
github.com/antoniomralmeida/k2/internal/models/kbrule.go:265.71,268.48 1 0
github.com/antoniomralmeida/k2/internal/models/kbrule.go:268.48,269.31 1 0
github.com/antoniomralmeida/k2/internal/models/kbrule.go:270.17,274.35 4 0
github.com/antoniomralmeida/k2/internal/models/kbrule.go:274.35,276.5 1 0
github.com/antoniomralmeida/k2/internal/models/kbrule.go:277.4,279.8 3 0
github.com/antoniomralmeida/k2/internal/models/kbrule.go:279.8,282.38 3 0
github.com/antoniomralmeida/k2/internal/models/kbrule.go:282.38,283.11 1 0
github.com/antoniomralmeida/k2/internal/models/kbrule.go:285.5,285.41 1 0
github.com/antoniomralmeida/k2/internal/models/kbrule.go:285.41,287.6 1 0
github.com/antoniomralmeida/k2/internal/models/kbrule.go:288.5,288.42 1 0
github.com/antoniomralmeida/k2/internal/models/kbrule.go:288.42,290.6 1 0
github.com/antoniomralmeida/k2/internal/models/kbrule.go:291.5,297.38 6 0
github.com/antoniomralmeida/k2/internal/models/kbrule.go:297.38,299.6 1 0
github.com/antoniomralmeida/k2/internal/models/kbrule.go:299.11,299.55 1 0
github.com/antoniomralmeida/k2/internal/models/kbrule.go:299.55,301.6 1 0
github.com/antoniomralmeida/k2/internal/models/kbrule.go:301.11,302.41 1 0
github.com/antoniomralmeida/k2/internal/models/kbrule.go:302.41,304.7 1 0
github.com/antoniomralmeida/k2/internal/models/kbrule.go:305.6,305.10 1 0
github.com/antoniomralmeida/k2/internal/models/kbrule.go:307.5,307.36 1 0
github.com/antoniomralmeida/k2/internal/models/kbrule.go:307.36,310.6 2 0
github.com/antoniomralmeida/k2/internal/models/kbrule.go:312.4,312.10 1 0
github.com/antoniomralmeida/k2/internal/models/kbrule.go:312.10,316.28 4 0
github.com/antoniomralmeida/k2/internal/models/kbrule.go:316.28,321.24 5 0
github.com/antoniomralmeida/k2/internal/models/kbrule.go:321.24,323.7 1 0
github.com/antoniomralmeida/k2/internal/models/kbrule.go:325.5,325.24 1 0
github.com/antoniomralmeida/k2/internal/models/kbrule.go:325.24,327.6 1 0
github.com/antoniomralmeida/k2/internal/models/kbrule.go:328.5,328.15 1 0
github.com/antoniomralmeida/k2/internal/models/kbrule.go:328.15,329.11 1 0
github.com/antoniomralmeida/k2/internal/models/kbrule.go:333.14,335.40 2 0
github.com/antoniomralmeida/k2/internal/models/kbrule.go:335.40,337.5 1 0
github.com/antoniomralmeida/k2/internal/models/kbrule.go:338.4,338.41 1 0
github.com/antoniomralmeida/k2/internal/models/kbrule.go:338.41,340.5 1 0
github.com/antoniomralmeida/k2/internal/models/kbrule.go:341.4,342.76 2 0
github.com/antoniomralmeida/k2/internal/models/kbrule.go:342.76,344.5 1 0
github.com/antoniomralmeida/k2/internal/models/kbrule.go:345.4,345.78 1 0
github.com/antoniomralmeida/k2/internal/models/kbrule.go:345.78,347.5 1 0
github.com/antoniomralmeida/k2/internal/models/kbrule.go:348.4,349.41 2 0
github.com/antoniomralmeida/k2/internal/models/kbrule.go:349.41,352.5 2 0
github.com/antoniomralmeida/k2/internal/models/kbrule.go:352.10,355.5 2 0
github.com/antoniomralmeida/k2/internal/models/kbrule.go:356.4,356.28 1 0
github.com/antoniomralmeida/k2/internal/models/kbrule.go:356.28,357.28 1 0
github.com/antoniomralmeida/k2/internal/models/kbrule.go:357.28,358.25 1 0
github.com/antoniomralmeida/k2/internal/models/kbrule.go:358.25,360.7 1 0
github.com/antoniomralmeida/k2/internal/models/kbrule.go:363.17,369.38 5 0
github.com/antoniomralmeida/k2/internal/models/kbrule.go:369.38,371.5 1 0
github.com/antoniomralmeida/k2/internal/models/kbrule.go:372.4,372.32 1 0
github.com/antoniomralmeida/k2/internal/models/kbrule.go:373.13,376.31 3 0
github.com/antoniomralmeida/k2/internal/models/kbrule.go:376.31,378.6 1 0
github.com/antoniomralmeida/k2/internal/models/kbrule.go:379.5,380.39 2 0
github.com/antoniomralmeida/k2/internal/models/kbrule.go:380.39,382.6 1 0
github.com/antoniomralmeida/k2/internal/models/kbrule.go:383.5,383.33 1 0
github.com/antoniomralmeida/k2/internal/models/kbrule.go:384.15,386.32 2 0
github.com/antoniomralmeida/k2/internal/models/kbrule.go:386.32,388.7 1 0
github.com/antoniomralmeida/k2/internal/models/kbrule.go:389.6,390.10 2 0
github.com/antoniomralmeida/k2/internal/models/kbrule.go:391.18,393.32 2 0
github.com/antoniomralmeida/k2/internal/models/kbrule.go:393.32,395.7 1 0
github.com/antoniomralmeida/k2/internal/models/kbrule.go:396.6,397.10 2 0
github.com/antoniomralmeida/k2/internal/models/kbrule.go:398.18,398.18 0 0
github.com/antoniomralmeida/k2/internal/models/kbrule.go:399.13,400.92 1 0
github.com/antoniomralmeida/k2/internal/models/kbrule.go:403.14,405.31 2 0
github.com/antoniomralmeida/k2/internal/models/kbrule.go:405.31,407.6 1 0
github.com/antoniomralmeida/k2/internal/models/kbrule.go:408.5,408.32 1 0
github.com/antoniomralmeida/k2/internal/models/kbrule.go:409.12,410.91 1 0
github.com/antoniomralmeida/k2/internal/models/kbrule.go:412.4,412.39 1 0
github.com/antoniomralmeida/k2/internal/models/kbrule.go:412.39,414.20 2 0
github.com/antoniomralmeida/k2/internal/models/kbrule.go:414.20,416.26 2 0
github.com/antoniomralmeida/k2/internal/models/kbrule.go:416.26,418.7 1 0
github.com/antoniomralmeida/k2/internal/models/kbrule.go:418.12,420.7 1 0
github.com/antoniomralmeida/k2/internal/models/kbrule.go:421.11,424.6 2 0
github.com/antoniomralmeida/k2/internal/models/kbrule.go:426.19,428.44 2 0
github.com/antoniomralmeida/k2/internal/models/kbrule.go:428.44,430.5 1 0
github.com/antoniomralmeida/k2/internal/models/kbrule.go:431.4,433.68 3 0
github.com/antoniomralmeida/k2/internal/models/kbrule.go:434.15,436.33 2 0
github.com/antoniomralmeida/k2/internal/models/kbrule.go:437.19,439.35 2 0
github.com/antoniomralmeida/k2/internal/models/kbrule.go:439.35,441.5 1 0
github.com/antoniomralmeida/k2/internal/models/kbrule.go:442.4,444.34 3 0
github.com/antoniomralmeida/k2/internal/models/kbrule.go:444.34,446.5 1 0
github.com/antoniomralmeida/k2/internal/models/kbrule.go:447.4,448.26 2 0
github.com/antoniomralmeida/k2/internal/models/kbrule.go:449.11,450.90 1 0
github.com/antoniomralmeida/k2/internal/models/kbrule.go:466.2,466.12 1 0
github.com/antoniomralmeida/k2/internal/models/kbsource.go:21.53,22.25 1 0
github.com/antoniomralmeida/k2/internal/models/kbsource.go:22.25,24.3 1 0
github.com/antoniomralmeida/k2/internal/models/kbsource.go:25.2,25.8 1 0
github.com/antoniomralmeida/k2/internal/models/kbstack.go:27.37,29.2 1 0
github.com/antoniomralmeida/k2/internal/models/kbstack.go:30.63,32.2 1 0
github.com/antoniomralmeida/k2/internal/models/kbstack.go:34.51,39.2 4 0
github.com/antoniomralmeida/k2/internal/models/kbstack.go:41.40,42.26 1 0
github.com/antoniomralmeida/k2/internal/models/kbstack.go:42.26,44.3 1 0
github.com/antoniomralmeida/k2/internal/models/kbstack.go:45.2,45.12 1 0
github.com/antoniomralmeida/k2/internal/models/kbstack.go:48.35,53.25 5 0
github.com/antoniomralmeida/k2/internal/models/kbstack.go:53.25,55.3 1 0
github.com/antoniomralmeida/k2/internal/models/kbstack.go:56.2,58.8 3 0
github.com/antoniomralmeida/k2/internal/models/kbstack.go:61.26,64.2 2 0
github.com/antoniomralmeida/k2/internal/models/kbuser.go:24.37,27.2 2 0
github.com/antoniomralmeida/k2/internal/models/kbuser.go:29.36,32.2 1 0
github.com/antoniomralmeida/k2/internal/models/kbuser.go:34.62,36.2 1 0
github.com/antoniomralmeida/k2/internal/models/kbuser.go:38.45,41.2 2 0
github.com/antoniomralmeida/k2/internal/models/kbuser.go:43.58,45.17 2 0
github.com/antoniomralmeida/k2/internal/models/kbuser.go:45.17,47.17 2 0
github.com/antoniomralmeida/k2/internal/models/kbuser.go:47.17,49.4 1 0
github.com/antoniomralmeida/k2/internal/models/kbuser.go:51.2,52.16 2 0
github.com/antoniomralmeida/k2/internal/models/kbuser.go:52.16,54.3 1 0
github.com/antoniomralmeida/k2/internal/models/kbuser.go:55.2,56.20 2 0
github.com/antoniomralmeida/k2/internal/models/kbuser.go:59.21,63.33 4 0
github.com/antoniomralmeida/k2/internal/models/kbuser.go:63.33,70.3 6 0
github.com/antoniomralmeida/k2/internal/models/kbuser.go:70.8,72.3 1 0
github.com/antoniomralmeida/k2/internal/models/kbuser.go:75.20,83.23 8 0
github.com/antoniomralmeida/k2/internal/models/kbuser.go:83.23,85.3 1 0
github.com/antoniomralmeida/k2/internal/models/kbworkspace.go:25.63,27.16 2 0
github.com/antoniomralmeida/k2/internal/models/kbworkspace.go:27.16,30.3 2 0
github.com/antoniomralmeida/k2/internal/models/kbworkspace.go:31.2,33.16 3 0
github.com/antoniomralmeida/k2/internal/models/kbworkspace.go:33.16,36.3 2 0
github.com/antoniomralmeida/k2/internal/models/kbworkspace.go:36.8,39.3 2 0
github.com/antoniomralmeida/k2/internal/models/kbworkspace.go:42.41,45.2 1 0
github.com/antoniomralmeida/k2/internal/models/kbworkspace.go:47.67,49.2 1 0
github.com/antoniomralmeida/k2/internal/models/kbworkspace.go:51.39,55.2 3 0
github.com/antoniomralmeida/k2/internal/models/kbworkspace.go:57.63,65.2 7 0
github.com/antoniomralmeida/k2/internal/models/knowledgebased.go:43.75,44.23 1 0
github.com/antoniomralmeida/k2/internal/models/knowledgebased.go:44.23,47.3 2 0
github.com/antoniomralmeida/k2/internal/models/knowledgebased.go:48.2,48.37 1 0
github.com/antoniomralmeida/k2/internal/models/knowledgebased.go:51.16,53.2 1 0
github.com/antoniomralmeida/k2/internal/models/knowledgebased.go:55.17,56.22 1 0
github.com/antoniomralmeida/k2/internal/models/knowledgebased.go:56.22,58.3 1 0
github.com/antoniomralmeida/k2/internal/models/knowledgebased.go:61.15,62.22 1 0
github.com/antoniomralmeida/k2/internal/models/knowledgebased.go:62.22,64.3 1 0
github.com/antoniomralmeida/k2/internal/models/knowledgebased.go:67.18,68.22 1 0
github.com/antoniomralmeida/k2/internal/models/knowledgebased.go:68.22,71.3 2 0
github.com/antoniomralmeida/k2/internal/models/knowledgebased.go:74.55,75.24 1 0
github.com/antoniomralmeida/k2/internal/models/knowledgebased.go:75.24,78.3 2 0
github.com/antoniomralmeida/k2/internal/models/knowledgebased.go:79.2,79.17 1 0
github.com/antoniomralmeida/k2/internal/models/knowledgebased.go:79.17,82.3 2 0
github.com/antoniomralmeida/k2/internal/models/knowledgebased.go:83.2,86.34 4 0
github.com/antoniomralmeida/k2/internal/models/knowledgebased.go:86.34,88.3 1 0
github.com/antoniomralmeida/k2/internal/models/knowledgebased.go:89.2,90.16 2 0
github.com/antoniomralmeida/k2/internal/models/knowledgebased.go:90.16,94.3 2 0
github.com/antoniomralmeida/k2/internal/models/knowledgebased.go:94.8,97.3 2 0
github.com/antoniomralmeida/k2/internal/models/knowledgebased.go:100.62,101.24 1 0
github.com/antoniomralmeida/k2/internal/models/knowledgebased.go:101.24,104.3 2 0
github.com/antoniomralmeida/k2/internal/models/knowledgebased.go:105.2,107.19 3 0
github.com/antoniomralmeida/k2/internal/models/knowledgebased.go:107.19,110.3 2 0
github.com/antoniomralmeida/k2/internal/models/knowledgebased.go:111.2,112.16 2 0
github.com/antoniomralmeida/k2/internal/models/knowledgebased.go:112.16,116.3 2 0
github.com/antoniomralmeida/k2/internal/models/knowledgebased.go:116.8,119.3 2 0
github.com/antoniomralmeida/k2/internal/models/knowledgebased.go:122.59,124.2 1 0
github.com/antoniomralmeida/k2/internal/models/knowledgebased.go:126.73,127.31 1 0
github.com/antoniomralmeida/k2/internal/models/knowledgebased.go:127.31,128.41 1 0
github.com/antoniomralmeida/k2/internal/models/knowledgebased.go:128.41,130.4 1 0
github.com/antoniomralmeida/k2/internal/models/knowledgebased.go:132.2,133.12 2 0
github.com/antoniomralmeida/k2/internal/models/knowledgebased.go:136.90,140.2 3 0
github.com/antoniomralmeida/k2/internal/models/knowledgebased.go:142.94,143.32 1 0
github.com/antoniomralmeida/k2/internal/models/knowledgebased.go:143.32,144.49 1 0
github.com/antoniomralmeida/k2/internal/models/knowledgebased.go:144.49,146.4 1 0
github.com/antoniomralmeida/k2/internal/models/knowledgebased.go:148.2,148.12 1 0
github.com/antoniomralmeida/k2/internal/models/knowledgebased.go:151.103,155.16 4 0
github.com/antoniomralmeida/k2/internal/models/knowledgebased.go:155.16,157.3 1 0
github.com/antoniomralmeida/k2/internal/models/knowledgebased.go:157.8,160.3 2 0
github.com/antoniomralmeida/k2/internal/models/knowledgebased.go:163.55,166.2 2 0
github.com/antoniomralmeida/k2/internal/models/knowledgebased.go:168.44,171.2 1 0
github.com/antoniomralmeida/k2/internal/models/knowledgebased.go:173.70,175.2 1 0
github.com/antoniomralmeida/k2/internal/models/knowledgebased.go:177.43,181.2 3 0
github.com/antoniomralmeida/k2/internal/models/knowledgebased.go:183.36,188.22 4 0
github.com/antoniomralmeida/k2/internal/models/knowledgebased.go:188.22,189.37 1 0
github.com/antoniomralmeida/k2/internal/models/knowledgebased.go:189.37,191.57 2 0
github.com/antoniomralmeida/k2/internal/models/knowledgebased.go:191.57,194.5 2 0
github.com/antoniomralmeida/k2/internal/models/knowledgebased.go:197.2,197.12 1 0
github.com/antoniomralmeida/k2/internal/models/knowledgebased.go:200.65,206.2 5 0
github.com/antoniomralmeida/k2/internal/models/knowledgebased.go:208.31,213.24 4 0
github.com/antoniomralmeida/k2/internal/models/knowledgebased.go:213.24,215.3 1 0
github.com/antoniomralmeida/k2/internal/models/knowledgebased.go:216.2,218.21 3 0
github.com/antoniomralmeida/k2/internal/models/knowledgebased.go:221.66,223.40 1 0
github.com/antoniomralmeida/k2/internal/models/knowledgebased.go:223.40,224.52 1 0
github.com/antoniomralmeida/k2/internal/models/knowledgebased.go:224.52,225.58 1 0
github.com/antoniomralmeida/k2/internal/models/knowledgebased.go:225.58,227.5 1 0
github.com/antoniomralmeida/k2/internal/models/knowledgebased.go:230.2,230.8 1 0
github.com/antoniomralmeida/k2/internal/models/knowledgebased.go:233.49,235.26 2 0
github.com/antoniomralmeida/k2/internal/models/knowledgebased.go:235.26,236.155 1 0
github.com/antoniomralmeida/k2/internal/models/knowledgebased.go:236.155,239.4 2 0
github.com/antoniomralmeida/k2/internal/models/knowledgebased.go:242.2,243.26 2 0
github.com/antoniomralmeida/k2/internal/models/knowledgebased.go:243.26,245.3 1 0
github.com/antoniomralmeida/k2/internal/models/knowledgebased.go:247.2,247.12 1 0
github.com/antoniomralmeida/k2/internal/models/knowledgebased.go:250.48,252.28 2 0
github.com/antoniomralmeida/k2/internal/models/knowledgebased.go:252.28,253.28 1 0
github.com/antoniomralmeida/k2/internal/models/knowledgebased.go:253.28,254.28 1 0
github.com/antoniomralmeida/k2/internal/models/knowledgebased.go:254.28,255.42 1 0
github.com/antoniomralmeida/k2/internal/models/knowledgebased.go:255.42,256.59 1 0
github.com/antoniomralmeida/k2/internal/models/knowledgebased.go:256.59,258.45 2 0
github.com/antoniomralmeida/k2/internal/models/knowledgebased.go:258.45,260.8 1 0
github.com/antoniomralmeida/k2/internal/models/knowledgebased.go:264.4,264.31 1 0
github.com/antoniomralmeida/k2/internal/models/knowledgebased.go:267.2,267.12 1 0
github.com/antoniomralmeida/k2/internal/models/knowledgebased.go:270.80,274.34 4 0
github.com/antoniomralmeida/k2/internal/models/knowledgebased.go:274.34,276.3 1 0
github.com/antoniomralmeida/k2/internal/models/knowledgebased.go:277.2,285.24 9 0
github.com/antoniomralmeida/k2/internal/models/knowledgebased.go:285.24,286.10 1 0
github.com/antoniomralmeida/k2/internal/models/knowledgebased.go:287.77,288.28 1 0
github.com/antoniomralmeida/k2/internal/models/knowledgebased.go:288.28,291.5 2 0
github.com/antoniomralmeida/k2/internal/models/knowledgebased.go:291.10,291.23 1 0
github.com/antoniomralmeida/k2/internal/models/knowledgebased.go:291.23,292.30 1 0
github.com/antoniomralmeida/k2/internal/models/knowledgebased.go:292.30,295.6 2 0
github.com/antoniomralmeida/k2/internal/models/knowledgebased.go:296.10,296.21 1 0
github.com/antoniomralmeida/k2/internal/models/knowledgebased.go:296.21,299.5 2 0
github.com/antoniomralmeida/k2/internal/models/knowledgebased.go:299.10,300.30 1 0
github.com/antoniomralmeida/k2/internal/models/knowledgebased.go:300.30,303.6 2 0
github.com/antoniomralmeida/k2/internal/models/knowledgebased.go:303.11,303.52 1 0
github.com/antoniomralmeida/k2/internal/models/knowledgebased.go:303.52,305.6 1 0
github.com/antoniomralmeida/k2/internal/models/knowledgebased.go:307.64,309.17 2 0
github.com/antoniomralmeida/k2/internal/models/knowledgebased.go:310.64,312.17 2 0
github.com/antoniomralmeida/k2/internal/models/knowledgebased.go:313.65,315.19 2 0
github.com/antoniomralmeida/k2/internal/models/knowledgebased.go:316.11,316.11 0 0
github.com/antoniomralmeida/k2/internal/models/knowledgebased.go:319.2,323.27 5 0
github.com/antoniomralmeida/k2/internal/models/knowledgebased.go:323.27,326.26 3 0
github.com/antoniomralmeida/k2/internal/models/knowledgebased.go:326.26,334.57 1 0
github.com/antoniomralmeida/k2/internal/models/knowledgebased.go:334.57,335.34 1 0
github.com/antoniomralmeida/k2/internal/models/knowledgebased.go:335.34,336.42 1 0
github.com/antoniomralmeida/k2/internal/models/knowledgebased.go:336.42,338.7 1 0
github.com/antoniomralmeida/k2/internal/models/knowledgebased.go:339.11,339.42 1 0
github.com/antoniomralmeida/k2/internal/models/knowledgebased.go:339.42,340.36 1 0
github.com/antoniomralmeida/k2/internal/models/knowledgebased.go:340.36,342.7 1 0
github.com/antoniomralmeida/k2/internal/models/knowledgebased.go:343.11,345.6 1 0
github.com/antoniomralmeida/k2/internal/models/knowledgebased.go:346.5,346.11 1 0
github.com/antoniomralmeida/k2/internal/models/knowledgebased.go:346.11,348.11 2 0
github.com/antoniomralmeida/k2/internal/models/knowledgebased.go:353.3,353.28 1 0
github.com/antoniomralmeida/k2/internal/models/knowledgebased.go:353.28,355.27 2 0
github.com/antoniomralmeida/k2/internal/models/knowledgebased.go:355.27,357.5 1 0
github.com/antoniomralmeida/k2/internal/models/knowledgebased.go:358.4,358.37 1 0
github.com/antoniomralmeida/k2/internal/models/knowledgebased.go:360.3,362.61 3 0
github.com/antoniomralmeida/k2/internal/models/knowledgebased.go:362.61,364.4 1 0
github.com/antoniomralmeida/k2/internal/models/knowledgebased.go:365.3,365.27 1 0
github.com/antoniomralmeida/k2/internal/models/knowledgebased.go:367.2,367.34 1 0
github.com/antoniomralmeida/k2/internal/models/knowledgebased.go:367.34,368.57 1 0
github.com/antoniomralmeida/k2/internal/models/knowledgebased.go:368.57,371.4 2 0
github.com/antoniomralmeida/k2/internal/models/knowledgebased.go:373.2,375.25 3 0
github.com/antoniomralmeida/k2/internal/models/knowledgebased.go:375.25,377.3 1 0
github.com/antoniomralmeida/k2/internal/models/knowledgebased.go:378.2,378.35 1 0
github.com/antoniomralmeida/k2/internal/models/knowledgebased.go:381.67,388.24 5 0
github.com/antoniomralmeida/k2/internal/models/knowledgebased.go:388.24,389.23 1 0
github.com/antoniomralmeida/k2/internal/models/knowledgebased.go:390.20,392.19 2 0
github.com/antoniomralmeida/k2/internal/models/knowledgebased.go:393.15,395.24 2 0
github.com/antoniomralmeida/k2/internal/models/knowledgebased.go:397.3,397.27 1 0
github.com/antoniomralmeida/k2/internal/models/knowledgebased.go:398.18,399.31 1 0
github.com/antoniomralmeida/k2/internal/models/knowledgebased.go:399.31,401.5 1 0
github.com/antoniomralmeida/k2/internal/models/knowledgebased.go:402.15,403.32 1 0
github.com/antoniomralmeida/k2/internal/models/knowledgebased.go:403.32,406.5 2 0
github.com/antoniomralmeida/k2/internal/models/knowledgebased.go:407.14,408.27 1 0
github.com/antoniomralmeida/k2/internal/models/knowledgebased.go:408.27,413.28 5 0
github.com/antoniomralmeida/k2/internal/models/knowledgebased.go:413.28,415.6 1 0
github.com/antoniomralmeida/k2/internal/models/knowledgebased.go:417.18,419.35 2 0
github.com/antoniomralmeida/k2/internal/models/knowledgebased.go:419.35,421.5 1 0
github.com/antoniomralmeida/k2/internal/models/knowledgebased.go:421.10,422.33 1 0
github.com/antoniomralmeida/k2/internal/models/knowledgebased.go:422.33,423.75 1 0
github.com/antoniomralmeida/k2/internal/models/knowledgebased.go:423.75,425.12 2 0
github.com/antoniomralmeida/k2/internal/models/knowledgebased.go:429.4,429.17 1 0
github.com/antoniomralmeida/k2/internal/models/knowledgebased.go:429.17,430.42 1 0
github.com/antoniomralmeida/k2/internal/models/knowledgebased.go:430.42,431.34 1 0
github.com/antoniomralmeida/k2/internal/models/knowledgebased.go:431.34,435.7 3 0
github.com/antoniomralmeida/k2/internal/models/knowledgebased.go:436.6,437.33 2 0
github.com/antoniomralmeida/k2/internal/models/knowledgebased.go:437.33,440.7 2 0
github.com/antoniomralmeida/k2/internal/models/knowledgebased.go:441.6,441.11 1 0
github.com/antoniomralmeida/k2/internal/models/knowledgebased.go:442.11,442.48 1 0
github.com/antoniomralmeida/k2/internal/models/knowledgebased.go:442.48,444.18 2 0
github.com/antoniomralmeida/k2/internal/models/knowledgebased.go:444.18,447.7 2 0
github.com/antoniomralmeida/k2/internal/models/knowledgebased.go:448.6,452.29 5 0
github.com/antoniomralmeida/k2/internal/models/knowledgebased.go:452.29,457.7 4 0
github.com/antoniomralmeida/k2/internal/models/knowledgebased.go:458.6,458.11 1 0
github.com/antoniomralmeida/k2/internal/models/knowledgebased.go:459.11,459.59 1 0
github.com/antoniomralmeida/k2/internal/models/knowledgebased.go:459.59,461.18 2 0
github.com/antoniomralmeida/k2/internal/models/knowledgebased.go:461.18,464.7 2 0
github.com/antoniomralmeida/k2/internal/models/knowledgebased.go:465.6,465.18 1 0
github.com/antoniomralmeida/k2/internal/models/knowledgebased.go:465.18,467.7 1 0
github.com/antoniomralmeida/k2/internal/models/knowledgebased.go:468.6,471.29 4 0
github.com/antoniomralmeida/k2/internal/models/knowledgebased.go:471.29,476.7 4 0
github.com/antoniomralmeida/k2/internal/models/knowledgebased.go:477.6,477.11 1 0
github.com/antoniomralmeida/k2/internal/models/knowledgebased.go:479.10,481.5 1 0
github.com/antoniomralmeida/k2/internal/models/knowledgebased.go:482.25,483.4 1 0
github.com/antoniomralmeida/k2/internal/models/knowledgebased.go:483.4,484.25 1 0
github.com/antoniomralmeida/k2/internal/models/knowledgebased.go:484.25,485.34 1 0
github.com/antoniomralmeida/k2/internal/models/knowledgebased.go:485.34,486.76 1 0
github.com/antoniomralmeida/k2/internal/models/knowledgebased.go:486.76,490.13 4 0
github.com/antoniomralmeida/k2/internal/models/knowledgebased.go:493.11,494.43 1 0
github.com/antoniomralmeida/k2/internal/models/knowledgebased.go:494.43,495.89 1 0
github.com/antoniomralmeida/k2/internal/models/knowledgebased.go:495.89,499.13 4 0
github.com/antoniomralmeida/k2/internal/models/knowledgebased.go:505.17,506.4 1 0
github.com/antoniomralmeida/k2/internal/models/knowledgebased.go:506.4,507.36 1 0
github.com/antoniomralmeida/k2/internal/models/knowledgebased.go:507.36,509.34 2 0
github.com/antoniomralmeida/k2/internal/models/knowledgebased.go:509.34,510.45 1 0
github.com/antoniomralmeida/k2/internal/models/knowledgebased.go:510.45,511.35 1 0
github.com/antoniomralmeida/k2/internal/models/knowledgebased.go:511.35,512.52 1 0
github.com/antoniomralmeida/k2/internal/models/knowledgebased.go:512.52,513.31 1 0
github.com/antoniomralmeida/k2/internal/models/knowledgebased.go:513.31,516.16 3 0
github.com/antoniomralmeida/k2/internal/models/knowledgebased.go:522.6,522.13 1 0
github.com/antoniomralmeida/k2/internal/models/knowledgebased.go:522.13,524.7 1 0
github.com/antoniomralmeida/k2/internal/models/knowledgebased.go:528.3,529.15 2 0
github.com/antoniomralmeida/k2/internal/models/knowledgebased.go:529.15,530.24 1 0
github.com/antoniomralmeida/k2/internal/models/knowledgebased.go:530.24,532.5 1 0
github.com/antoniomralmeida/k2/internal/models/knowledgebased.go:532.10,534.5 1 0
github.com/antoniomralmeida/k2/internal/models/knowledgebased.go:536.3,537.16 2 0
github.com/antoniomralmeida/k2/internal/models/knowledgebased.go:537.16,539.4 1 0
github.com/antoniomralmeida/k2/internal/models/knowledgebased.go:540.3,540.33 1 0
github.com/antoniomralmeida/k2/internal/models/knowledgebased.go:540.33,542.4 1 0
github.com/antoniomralmeida/k2/internal/models/knowledgebased.go:544.2,546.12 3 0
github.com/antoniomralmeida/k2/internal/models/knowledgebased.go:549.47,552.19 3 0
github.com/antoniomralmeida/k2/internal/models/knowledgebased.go:552.19,554.3 1 0
github.com/antoniomralmeida/k2/internal/models/knowledgebased.go:555.2,556.11 2 0
github.com/antoniomralmeida/k2/internal/models/knowledgebased.go:559.15,570.40 8 0
github.com/antoniomralmeida/k2/internal/models/knowledgebased.go:570.40,572.3 1 0
github.com/antoniomralmeida/k2/internal/models/knowledgebased.go:574.2,574.40 1 0
github.com/antoniomralmeida/k2/internal/models/knowledgebased.go:574.40,576.27 2 0
github.com/antoniomralmeida/k2/internal/models/knowledgebased.go:576.27,578.17 2 0
github.com/antoniomralmeida/k2/internal/models/knowledgebased.go:578.17,580.5 1 0
github.com/antoniomralmeida/k2/internal/models/knowledgebased.go:580.10,582.5 1 0
github.com/antoniomralmeida/k2/internal/models/knowledgebased.go:586.2,587.40 2 0
github.com/antoniomralmeida/k2/internal/models/knowledgebased.go:587.40,590.15 2 0
github.com/antoniomralmeida/k2/internal/models/knowledgebased.go:590.15,593.42 3 0
github.com/antoniomralmeida/k2/internal/models/knowledgebased.go:593.42,595.5 1 0
github.com/antoniomralmeida/k2/internal/models/knowledgebased.go:596.4,596.35 1 0
github.com/antoniomralmeida/k2/internal/models/knowledgebased.go:596.35,599.29 2 0
github.com/antoniomralmeida/k2/internal/models/knowledgebased.go:599.29,600.29 1 0
github.com/antoniomralmeida/k2/internal/models/knowledgebased.go:600.29,602.12 2 0
github.com/antoniomralmeida/k2/internal/models/knowledgebased.go:604.6,604.40 1 0
github.com/antoniomralmeida/k2/internal/models/knowledgebased.go:604.40,605.12 1 0
github.com/antoniomralmeida/k2/internal/models/knowledgebased.go:608.5,608.64 1 0
github.com/antoniomralmeida/k2/internal/models/knowledgebased.go:608.64,610.6 1 0
github.com/antoniomralmeida/k2/internal/models/knowledgebased.go:614.5,616.19 3 0
github.com/antoniomralmeida/k2/internal/models/knowledgebased.go:616.19,617.36 1 0
github.com/antoniomralmeida/k2/internal/models/knowledgebased.go:617.36,619.7 1 0
github.com/antoniomralmeida/k2/internal/models/knowledgebased.go:620.11,622.6 1 0
github.com/antoniomralmeida/k2/internal/models/knowledgebased.go:623.5,623.52 1 0
github.com/antoniomralmeida/k2/internal/models/knowledgebased.go:625.9,627.4 1 0
github.com/antoniomralmeida/k2/internal/models/knowledgebased.go:630.2,634.35 3 0
github.com/antoniomralmeida/k2/internal/models/knowledgebased.go:634.35,638.3 3 0
github.com/antoniomralmeida/k2/internal/models/knowledgebased.go:641.43,649.23 8 0
github.com/antoniomralmeida/k2/internal/models/knowledgebased.go:649.23,651.3 1 0
github.com/antoniomralmeida/k2/internal/models/knowledgebased.go:652.2,655.12 4 0
github.com/antoniomralmeida/k2/internal/models/knowledgebased.go:658.55,666.23 8 0
github.com/antoniomralmeida/k2/internal/models/knowledgebased.go:666.23,668.3 1 0
github.com/antoniomralmeida/k2/internal/models/knowledgebased.go:669.2,672.12 4 0
github.com/antoniomralmeida/k2/internal/models/knowledgebased.go:675.71,683.23 8 0
github.com/antoniomralmeida/k2/internal/models/knowledgebased.go:683.23,685.3 1 0
github.com/antoniomralmeida/k2/internal/models/knowledgebased.go:686.2,689.12 4 0
github.com/antoniomralmeida/k2/internal/models/knowledgebased.go:692.38,698.2 5 0
github.com/antoniomralmeida/k2/internal/models/knowledgebased.go:700.32,711.26 4 0
github.com/antoniomralmeida/k2/internal/models/knowledgebased.go:711.26,714.4 2 0
github.com/antoniomralmeida/k2/internal/models/knowledgebased.go:716.2,719.26 2 0
github.com/antoniomralmeida/k2/internal/models/knowledgebased.go:719.26,722.4 2 0
github.com/antoniomralmeida/k2/internal/models/knowledgebased.go:724.2,727.31 3 0
github.com/antoniomralmeida/k2/internal/models/knowledgebased.go:727.31,729.3 1 0
github.com/antoniomralmeida/k2/internal/models/knowledgebased.go:730.2,730.6 1 0
github.com/antoniomralmeida/k2/internal/models/knowledgebased.go:730.6,731.27 1 0
github.com/antoniomralmeida/k2/internal/models/knowledgebased.go:731.27,736.4 4 0
github.com/antoniomralmeida/k2/internal/models/literalbin.go:183.38,185.2 1 0
github.com/antoniomralmeida/k2/internal/models/literalbin.go:187.33,189.2 1 0
github.com/antoniomralmeida/k2/internal/models/pair.go:8.36,10.22 2 0
github.com/antoniomralmeida/k2/internal/models/pair.go:10.22,11.89 1 0
github.com/antoniomralmeida/k2/internal/models/pair.go:11.89,13.4 1 0
github.com/antoniomralmeida/k2/internal/models/pair.go:15.2,15.12 1 0
github.com/antoniomralmeida/k2/internal/models/token.go:18.35,20.2 1 0
github.com/antoniomralmeida/k2/internal/models/token.go:22.42,24.2 1 0
github.com/antoniomralmeida/k2/internal/models/token.go:26.37,28.2 1 0
github.com/antoniomralmeida/k2/internal/models/token.go:30.33,32.2 1 0
github.com/antoniomralmeida/k2/internal/models/token.go:34.47,43.2 8 0
github.com/antoniomralmeida/k2/internal/models/token.go:45.50,46.22 1 0
github.com/antoniomralmeida/k2/internal/models/token.go:46.22,47.15 1 0
github.com/antoniomralmeida/k2/internal/models/token.go:47.15,49.4 1 0
github.com/antoniomralmeida/k2/internal/models/token.go:51.2,51.14 1 0
github.com/antoniomralmeida/k2/internal/models/tokentype.go:23.37,25.2 1 0
github.com/antoniomralmeida/k2/internal/models/tokentype.go:27.32,29.2 1 0
