?   	github.com/antoniomralmeida/k2/cmd/iotmidware	[no test files]
?   	github.com/antoniomralmeida/k2/cmd/k2	[no test files]
?   	github.com/antoniomralmeida/k2/cmd/k2olivia	[no test files]
?   	github.com/antoniomralmeida/k2/cmd/k2web	[no test files]
?   	github.com/antoniomralmeida/k2/internal/fuzzy	[no test files]
?   	github.com/antoniomralmeida/k2/internal/inits	[no test files]
?   	github.com/antoniomralmeida/k2/internal/iot	[no test files]
?   	github.com/antoniomralmeida/k2/internal/lib	[no test files]
ConnectDB
{mongodb localhost 27017 k2user SOh3TbYhx8ypJPxmt1oOfL  map[database:[K2-TESTS]]}
Parsing ebnf rule Statement
Parsing ebnf rule Expression
Parsing ebnf rule Consequent
Parsing ebnf rule Set
Parsing ebnf rule Inform
Parsing ebnf rule Conclude
Parsing ebnf rule Create
Parsing ebnf rule Alter
Parsing ebnf rule NewAttribute
Parsing ebnf rule Source
Parsing ebnf rule Halt
Parsing ebnf rule Transfer
Parsing ebnf rule Delete
Parsing ebnf rule Insert
Parsing ebnf rule Remove
Parsing ebnf rule Change
Parsing ebnf rule Color
Parsing ebnf rule Move
Parsing ebnf rule Rotate
Parsing ebnf rule Show
Parsing ebnf rule Hide
Parsing ebnf rule Focus
=== RUN   TestBin
--- PASS: TestBin (0.00s)
=== RUN   TestKBClassValidateIndex
--- PASS: TestKBClassValidateIndex (0.00s)
=== RUN   TestClassFactory
Class not found!
Class not found!
--- PASS: TestClassFactory (0.01s)
=== RUN   TestAlterClassAddAttribute
Name: X does not validate as length(2|50)
AType: non zero value required
--- PASS: TestAlterClassAddAttribute (0.00s)
=== RUN   TestAlterClassAddAttributeParent
--- PASS: TestAlterClassAddAttributeParent (0.01s)
=== RUN   TestFindAllClasses
--- PASS: TestFindAllClasses (0.00s)
=== RUN   TestKBClassCopy
--- PASS: TestKBClassCopy (0.01s)
=== RUN   TestKBClassClear
    kbclass_test.go:156: all clean.
--- PASS: TestKBClassClear (0.00s)
=== RUN   TestKBObjectValidateIndex
--- PASS: TestKBObjectValidateIndex (0.00s)
=== RUN   TestObjectFactory
write exception: write errors: [E11000 duplicate key error collection: K2-TESTS.kb_objects index: name_1 dup key: { name: "Object1" }]
Class not found!
Class not found!
--- PASS: TestObjectFactory (0.02s)
=== RUN   TestFindObject
--- PASS: TestFindObject (0.01s)
=== RUN   TestKBObjectClear
    kbobject_test.go:96: all clean.
--- PASS: TestKBObjectClear (0.00s)
=== RUN   TestKBRuleValidateIndex
--- PASS: TestKBRuleValidateIndex (0.00s)
=== RUN   TestRuleFactory
Parsing Statement: unconditionally then create a class named by 'Class63f35136f8a767c202687dc8'
Linking Production Rule: Rule01
Parsing Statement: unconditionally then alter Class63f35136f8a767c202687dc8 add 'Attribute63f35133f8a767c202687daa' as String from ( User )
Linking Production Rule: Rule02
Parsing Statement: unconditionally then create an instance of the Class63f35136f8a767c202687dc8 named by 'Object63f35136f8a767c202687dc8'
Linking Production Rule: Rule03
Parsing Statement: unconditionally then set the Attribute63f35133f8a767c202687daa of the Object63f35136f8a767c202687dc8 = 1243291666028378437
Linking Production Rule: Rule04
Parsing Statement: initially Rule04
Linking Production Rule: Rule05
Parsing Statement: unconditionally then set the Attribute63f35133f8a767c202687daa of Object63f35136f8a767c202687dc8 = 1243291666028378437
Compiler error in statement! near Object63f35136f8a767c202687dc8 expected ( DynamicReference the )
--- PASS: TestRuleFactory (0.10s)
=== RUN   TestFindRules
Parsing Statement: unconditionally then create a class named by 'Class63f35136'
Linking Production Rule: RuleTest
--- PASS: TestFindRules (0.00s)
=== RUN   TestRunRules
Parsing Statement: unconditionally then create a class named by 'Class63f35136'
Linking Production Rule: RuleTestRun
run...RuleTestRun
--- PASS: TestRunRules (0.01s)
=== RUN   TestKBRuleClear
    kbrule_test.go:102: all clean.
--- PASS: TestKBRuleClear (0.00s)
=== RUN   FuzzClassFactory
=== RUN   FuzzClassFactory/seed#0
--- PASS: FuzzClassFactory (0.01s)
    --- PASS: FuzzClassFactory/seed#0 (0.00s)
PASS
	github.com/antoniomralmeida/k2/internal/models	coverage: 38.7% of statements
ok  	github.com/antoniomralmeida/k2/internal/models	0.398s	coverage: 38.7% of statements
unexpected end of JSON input
open C:\Users\manoe\git\K2\internal\olivia\analysis/data/datasets/movies.csv: The system cannot find the path specified.
FAIL	github.com/antoniomralmeida/k2/internal/olivia/analysis	0.137s
unexpected end of JSON input
open C:\Users\manoe\git\K2\internal\olivia\dashboard/data/datasets/movies.csv: The system cannot find the path specified.
FAIL	github.com/antoniomralmeida/k2/internal/olivia/dashboard	0.153s
?   	github.com/antoniomralmeida/k2/internal/olivia/modules	[no test files]
?   	github.com/antoniomralmeida/k2/internal/olivia/modules/spotify	[no test files]
?   	github.com/antoniomralmeida/k2/internal/olivia/modules/start	[no test files]
unexpected end of JSON input
open C:\Users\manoe\git\K2\internal\olivia\language/data/datasets/movies.csv: The system cannot find the path specified.
FAIL	github.com/antoniomralmeida/k2/internal/olivia/language	0.191s
=== RUN   TestDeleteDates
--- PASS: TestDeleteDates (0.00s)
=== RUN   TestDeleteTimes
--- PASS: TestDeleteTimes (0.00s)
=== RUN   TestRuleToday
--- PASS: TestRuleToday (0.00s)
=== RUN   TestRuleTomorrow
--- PASS: TestRuleTomorrow (0.00s)
=== RUN   TestRuleDayOfWeek
--- PASS: TestRuleDayOfWeek (0.00s)
=== RUN   TestRuleNaturalDate
--- PASS: TestRuleNaturalDate (0.00s)
=== RUN   TestRuleDate
--- PASS: TestRuleDate (0.00s)
=== RUN   TestRuleTime
--- PASS: TestRuleTime (0.00s)
PASS
	github.com/antoniomralmeida/k2/internal/olivia/language/date	coverage: 70.5% of statements
ok  	github.com/antoniomralmeida/k2/internal/olivia/language/date	0.196s	coverage: 70.5% of statements
=== RUN   TestGetNameByTag
--- PASS: TestGetNameByTag (0.00s)
=== RUN   TestGetTagByName
    locales_test.go:21: GetTagByName() failed, excepted english got .
--- FAIL: TestGetTagByName (0.00s)
=== RUN   TestExists
    locales_test.go:31: Exists() failed, excepted true got false.
--- FAIL: TestExists (0.00s)
FAIL
	github.com/antoniomralmeida/k2/internal/olivia/locales	coverage: 27.8% of statements
FAIL	github.com/antoniomralmeida/k2/internal/olivia/locales	0.187s
?   	github.com/antoniomralmeida/k2/internal/olivia/server	[no test files]
?   	github.com/antoniomralmeida/k2/internal/olivia/training	[no test files]
=== RUN   TestSigmoid
--- PASS: TestSigmoid (0.00s)
=== RUN   TestMultipliesByTwo
--- PASS: TestMultipliesByTwo (0.00s)
=== RUN   TestSubtractsOne
--- PASS: TestSubtractsOne (0.00s)
=== RUN   TestRandomMatrix
--- PASS: TestRandomMatrix (0.00s)
=== RUN   TestCreateMatrix
--- PASS: TestCreateMatrix (0.00s)
=== RUN   TestApplyFunction
--- PASS: TestApplyFunction (0.00s)
=== RUN   TestApplyRate
--- PASS: TestApplyRate (0.00s)
=== RUN   TestSum
--- PASS: TestSum (0.00s)
=== RUN   TestDifference
--- PASS: TestDifference (0.00s)
=== RUN   TestMultiplication
--- PASS: TestMultiplication (0.00s)
=== RUN   TestDotProduct
--- PASS: TestDotProduct (0.00s)
=== RUN   TestTranspose
--- PASS: TestTranspose (0.00s)
PASS
	github.com/antoniomralmeida/k2/internal/olivia/network	coverage: 34.1% of statements
ok  	github.com/antoniomralmeida/k2/internal/olivia/network	0.115s	coverage: 34.1% of statements
=== RUN   TestUserInformation
--- PASS: TestUserInformation (0.00s)
PASS
	github.com/antoniomralmeida/k2/internal/olivia/user	coverage: 100.0% of statements
ok  	github.com/antoniomralmeida/k2/internal/olivia/user	0.052s	coverage: 100.0% of statements
?   	github.com/antoniomralmeida/k2/internal/web	[no test files]
?   	github.com/antoniomralmeida/k2/internal/web/context	[no test files]
?   	github.com/antoniomralmeida/k2/internal/web/controllers	[no test files]
?   	github.com/antoniomralmeida/k2/internal/web/views	[no test files]
?   	github.com/antoniomralmeida/k2/pkg/cartesian	[no test files]
?   	github.com/antoniomralmeida/k2/pkg/dsn	[no test files]
?   	github.com/antoniomralmeida/k2/pkg/queue	[no test files]
?   	github.com/antoniomralmeida/k2/pkg/randnonlinear	[no test files]
?   	github.com/antoniomralmeida/k2/pkg/version	[no test files]
=== RUN   TestSerializeMessages
unexpected end of JSON input
FAIL	github.com/antoniomralmeida/k2/internal/olivia/util	0.247s
FAIL
