mode: set
github.com/antoniomralmeida/k2/internal/models/bin.go:16.33,18.2 1 0
github.com/antoniomralmeida/k2/internal/models/bin.go:20.40,22.2 1 0
github.com/antoniomralmeida/k2/internal/models/bin.go:24.29,25.33 1 0
github.com/antoniomralmeida/k2/internal/models/bin.go:25.33,27.53 2 0
github.com/antoniomralmeida/k2/internal/models/bin.go:27.53,29.4 1 0
github.com/antoniomralmeida/k2/internal/models/bin.go:33.31,35.2 1 0
github.com/antoniomralmeida/k2/internal/models/ebnf.go:20.33,22.2 1 0
github.com/antoniomralmeida/k2/internal/models/ebnf.go:24.55,25.28 1 0
github.com/antoniomralmeida/k2/internal/models/ebnf.go:25.28,26.21 1 0
github.com/antoniomralmeida/k2/internal/models/ebnf.go:26.21,28.4 1 0
github.com/antoniomralmeida/k2/internal/models/ebnf.go:29.3,29.27 1 0
github.com/antoniomralmeida/k2/internal/models/ebnf.go:29.27,31.4 1 0
github.com/antoniomralmeida/k2/internal/models/ebnf.go:33.2,33.11 1 0
github.com/antoniomralmeida/k2/internal/models/ebnf.go:36.76,38.16 2 0
github.com/antoniomralmeida/k2/internal/models/ebnf.go:38.16,39.73 1 0
github.com/antoniomralmeida/k2/internal/models/ebnf.go:39.73,43.4 3 0
github.com/antoniomralmeida/k2/internal/models/ebnf.go:45.3,45.30 1 0
github.com/antoniomralmeida/k2/internal/models/ebnf.go:45.30,46.63 1 0
github.com/antoniomralmeida/k2/internal/models/ebnf.go:46.63,47.56 1 0
github.com/antoniomralmeida/k2/internal/models/ebnf.go:47.56,48.33 1 0
github.com/antoniomralmeida/k2/internal/models/ebnf.go:48.33,50.7 1 0
github.com/antoniomralmeida/k2/internal/models/ebnf.go:52.10,52.44 1 0
github.com/antoniomralmeida/k2/internal/models/ebnf.go:52.44,55.56 3 0
github.com/antoniomralmeida/k2/internal/models/ebnf.go:55.56,56.33 1 0
github.com/antoniomralmeida/k2/internal/models/ebnf.go:56.33,58.7 1 0
github.com/antoniomralmeida/k2/internal/models/ebnf.go:60.10,61.32 1 0
github.com/antoniomralmeida/k2/internal/models/ebnf.go:61.32,63.6 1 0
github.com/antoniomralmeida/k2/internal/models/ebnf.go:67.2,67.12 1 0
github.com/antoniomralmeida/k2/internal/models/ebnf.go:70.52,76.2 5 0
github.com/antoniomralmeida/k2/internal/models/ebnf.go:78.92,80.29 2 0
github.com/antoniomralmeida/k2/internal/models/ebnf.go:80.29,82.3 1 0
github.com/antoniomralmeida/k2/internal/models/ebnf.go:83.2,83.43 1 0
github.com/antoniomralmeida/k2/internal/models/ebnf.go:86.54,87.29 1 0
github.com/antoniomralmeida/k2/internal/models/ebnf.go:87.29,89.3 1 0
github.com/antoniomralmeida/k2/internal/models/ebnf.go:92.48,95.16 2 0
github.com/antoniomralmeida/k2/internal/models/ebnf.go:95.16,97.3 1 0
github.com/antoniomralmeida/k2/internal/models/ebnf.go:98.2,102.39 5 0
github.com/antoniomralmeida/k2/internal/models/ebnf.go:102.39,104.3 1 0
github.com/antoniomralmeida/k2/internal/models/ebnf.go:106.2,107.29 2 0
github.com/antoniomralmeida/k2/internal/models/ebnf.go:107.29,111.34 3 0
github.com/antoniomralmeida/k2/internal/models/ebnf.go:111.34,112.22 1 0
github.com/antoniomralmeida/k2/internal/models/ebnf.go:112.22,115.10 3 0
github.com/antoniomralmeida/k2/internal/models/ebnf.go:118.3,118.20 1 0
github.com/antoniomralmeida/k2/internal/models/ebnf.go:118.20,124.28 6 0
github.com/antoniomralmeida/k2/internal/models/ebnf.go:124.28,125.12 1 0
github.com/antoniomralmeida/k2/internal/models/ebnf.go:126.71,127.18 1 0
github.com/antoniomralmeida/k2/internal/models/ebnf.go:127.18,128.19 1 0
github.com/antoniomralmeida/k2/internal/models/ebnf.go:128.19,131.8 2 0
github.com/antoniomralmeida/k2/internal/models/ebnf.go:132.12,132.23 1 0
github.com/antoniomralmeida/k2/internal/models/ebnf.go:132.23,134.17 2 0
github.com/antoniomralmeida/k2/internal/models/ebnf.go:134.17,136.8 1 0
github.com/antoniomralmeida/k2/internal/models/ebnf.go:137.7,139.21 3 0
github.com/antoniomralmeida/k2/internal/models/ebnf.go:140.12,141.19 1 0
github.com/antoniomralmeida/k2/internal/models/ebnf.go:141.19,144.8 2 0
github.com/antoniomralmeida/k2/internal/models/ebnf.go:146.6,146.56 1 0
github.com/antoniomralmeida/k2/internal/models/ebnf.go:146.56,147.19 1 0
github.com/antoniomralmeida/k2/internal/models/ebnf.go:147.19,149.8 1 0
github.com/antoniomralmeida/k2/internal/models/ebnf.go:149.13,151.8 1 0
github.com/antoniomralmeida/k2/internal/models/ebnf.go:153.53,155.19 2 0
github.com/antoniomralmeida/k2/internal/models/ebnf.go:156.53,159.19 3 0
github.com/antoniomralmeida/k2/internal/models/ebnf.go:160.13,160.13 0 0
github.com/antoniomralmeida/k2/internal/models/ebnf.go:163.4,163.29 1 0
github.com/antoniomralmeida/k2/internal/models/ebnf.go:166.2,167.28 2 0
github.com/antoniomralmeida/k2/internal/models/ebnf.go:167.28,168.30 1 0
github.com/antoniomralmeida/k2/internal/models/ebnf.go:168.30,169.37 1 0
github.com/antoniomralmeida/k2/internal/models/ebnf.go:169.37,171.26 2 0
github.com/antoniomralmeida/k2/internal/models/ebnf.go:171.26,172.51 1 0
github.com/antoniomralmeida/k2/internal/models/ebnf.go:172.51,173.43 1 0
github.com/antoniomralmeida/k2/internal/models/ebnf.go:173.43,175.13 2 0
github.com/antoniomralmeida/k2/internal/models/ebnf.go:178.6,178.39 1 0
github.com/antoniomralmeida/k2/internal/models/ebnf.go:178.39,181.7 2 0
github.com/antoniomralmeida/k2/internal/models/ebnf.go:185.4,185.30 1 0
github.com/antoniomralmeida/k2/internal/models/ebnf.go:185.30,186.45 1 0
github.com/antoniomralmeida/k2/internal/models/ebnf.go:186.45,189.6 2 0
github.com/antoniomralmeida/k2/internal/models/ebnf.go:193.2,193.24 1 0
github.com/antoniomralmeida/k2/internal/models/ebnf.go:193.24,196.3 1 0
github.com/antoniomralmeida/k2/internal/models/ebnf.go:197.2,199.16 3 0
github.com/antoniomralmeida/k2/internal/models/ebnf.go:199.16,201.3 1 0
github.com/antoniomralmeida/k2/internal/models/ebnf.go:201.8,203.3 1 0
github.com/antoniomralmeida/k2/internal/models/ebnf.go:204.2,204.10 1 0
github.com/antoniomralmeida/k2/internal/models/ebnf.go:207.89,208.44 1 0
github.com/antoniomralmeida/k2/internal/models/ebnf.go:208.44,209.47 1 0
github.com/antoniomralmeida/k2/internal/models/ebnf.go:209.47,211.51 2 0
github.com/antoniomralmeida/k2/internal/models/ebnf.go:211.51,213.5 1 0
github.com/antoniomralmeida/k2/internal/models/ebnf.go:213.10,213.46 1 0
github.com/antoniomralmeida/k2/internal/models/ebnf.go:213.46,215.5 1 0
github.com/antoniomralmeida/k2/internal/models/ebnf.go:215.10,215.44 1 0
github.com/antoniomralmeida/k2/internal/models/ebnf.go:215.44,217.5 1 0
github.com/antoniomralmeida/k2/internal/models/ebnf.go:220.2,220.11 1 0
github.com/antoniomralmeida/k2/internal/models/ebnf.go:223.50,226.40 3 0
github.com/antoniomralmeida/k2/internal/models/ebnf.go:226.40,227.47 1 0
github.com/antoniomralmeida/k2/internal/models/ebnf.go:227.47,229.15 2 0
github.com/antoniomralmeida/k2/internal/models/ebnf.go:229.15,231.16 2 0
github.com/antoniomralmeida/k2/internal/models/ebnf.go:231.16,235.6 3 0
github.com/antoniomralmeida/k2/internal/models/ebnf.go:236.5,237.79 2 0
github.com/antoniomralmeida/k2/internal/models/ebnf.go:237.79,239.6 1 0
github.com/antoniomralmeida/k2/internal/models/ebnf.go:243.2,243.42 1 0
github.com/antoniomralmeida/k2/internal/models/ebnf.go:243.42,245.44 2 0
github.com/antoniomralmeida/k2/internal/models/ebnf.go:245.44,247.4 1 0
github.com/antoniomralmeida/k2/internal/models/ebnf.go:247.9,250.4 2 0
github.com/antoniomralmeida/k2/internal/models/ebnf.go:251.3,251.34 1 0
github.com/antoniomralmeida/k2/internal/models/ebnf.go:251.34,254.4 2 0
github.com/antoniomralmeida/k2/internal/models/ebnf.go:255.3,255.34 1 0
github.com/antoniomralmeida/k2/internal/models/ebnf.go:255.34,257.4 1 0
github.com/antoniomralmeida/k2/internal/models/ebnf.go:261.41,262.28 1 0
github.com/antoniomralmeida/k2/internal/models/ebnf.go:262.28,263.20 1 0
github.com/antoniomralmeida/k2/internal/models/ebnf.go:263.20,265.4 1 0
github.com/antoniomralmeida/k2/internal/models/ebnf.go:267.2,267.11 1 0
github.com/antoniomralmeida/k2/internal/models/ebnf.go:270.32,274.2 3 0
github.com/antoniomralmeida/k2/internal/models/kbalert.go:18.64,27.2 4 0
github.com/antoniomralmeida/k2/internal/models/kbalert.go:29.47,32.17 3 0
github.com/antoniomralmeida/k2/internal/models/kbalert.go:32.17,35.17 3 0
github.com/antoniomralmeida/k2/internal/models/kbalert.go:35.17,37.4 1 0
github.com/antoniomralmeida/k2/internal/models/kbalert.go:38.3,38.23 1 0
github.com/antoniomralmeida/k2/internal/models/kbalert.go:40.2,41.12 2 0
github.com/antoniomralmeida/k2/internal/models/kbalert.go:44.63,46.2 1 0
github.com/antoniomralmeida/k2/internal/models/kbalert.go:48.37,51.2 1 0
github.com/antoniomralmeida/k2/internal/models/kbattribute.go:20.53,22.35 2 0
github.com/antoniomralmeida/k2/internal/models/kbattribute.go:22.35,23.32 1 0
github.com/antoniomralmeida/k2/internal/models/kbattribute.go:23.32,25.9 2 0
github.com/antoniomralmeida/k2/internal/models/kbattribute.go:28.2,28.12 1 0
github.com/antoniomralmeida/k2/internal/models/kbattribute.go:28.12,30.3 1 0
github.com/antoniomralmeida/k2/internal/models/kbattribute.go:33.53,35.35 2 0
github.com/antoniomralmeida/k2/internal/models/kbattribute.go:35.35,36.32 1 0
github.com/antoniomralmeida/k2/internal/models/kbattribute.go:36.32,38.9 2 0
github.com/antoniomralmeida/k2/internal/models/kbattribute.go:41.2,41.12 1 0
github.com/antoniomralmeida/k2/internal/models/kbattribute.go:41.12,43.3 1 0
github.com/antoniomralmeida/k2/internal/models/kbattribute.go:46.49,47.29 1 0
github.com/antoniomralmeida/k2/internal/models/kbattribute.go:47.29,48.26 1 0
github.com/antoniomralmeida/k2/internal/models/kbattribute.go:48.26,50.4 1 0
github.com/antoniomralmeida/k2/internal/models/kbattribute.go:52.2,52.14 1 0
github.com/antoniomralmeida/k2/internal/models/kbattributeobject.go:32.46,33.25 1 0
github.com/antoniomralmeida/k2/internal/models/kbattributeobject.go:33.25,34.43 1 0
github.com/antoniomralmeida/k2/internal/models/kbattributeobject.go:34.43,36.61 2 0
github.com/antoniomralmeida/k2/internal/models/kbattributeobject.go:36.61,39.5 2 0
github.com/antoniomralmeida/k2/internal/models/kbattributeobject.go:41.3,41.14 1 0
github.com/antoniomralmeida/k2/internal/models/kbattributeobject.go:43.2,43.14 1 0
github.com/antoniomralmeida/k2/internal/models/kbattributeobject.go:46.79,49.36 3 0
github.com/antoniomralmeida/k2/internal/models/kbattributeobject.go:49.36,51.3 1 0
github.com/antoniomralmeida/k2/internal/models/kbattributeobject.go:52.2,52.21 1 0
github.com/antoniomralmeida/k2/internal/models/kbattributeobject.go:54.70,56.19 2 0
github.com/antoniomralmeida/k2/internal/models/kbattributeobject.go:56.19,57.37 1 0
github.com/antoniomralmeida/k2/internal/models/kbattributeobject.go:57.37,60.4 2 0
github.com/antoniomralmeida/k2/internal/models/kbattributeobject.go:61.3,61.70 1 0
github.com/antoniomralmeida/k2/internal/models/kbattributeobject.go:62.8,64.23 2 0
github.com/antoniomralmeida/k2/internal/models/kbattributeobject.go:64.23,65.53 1 0
github.com/antoniomralmeida/k2/internal/models/kbattributeobject.go:65.53,67.28 2 0
github.com/antoniomralmeida/k2/internal/models/kbattributeobject.go:67.28,69.6 1 0
github.com/antoniomralmeida/k2/internal/models/kbattributeobject.go:71.4,71.14 1 0
github.com/antoniomralmeida/k2/internal/models/kbattributeobject.go:73.3,73.23 1 0
github.com/antoniomralmeida/k2/internal/models/kbattributeobject.go:73.23,74.43 1 0
github.com/antoniomralmeida/k2/internal/models/kbattributeobject.go:74.43,75.40 1 0
github.com/antoniomralmeida/k2/internal/models/kbattributeobject.go:76.21,77.21 1 0
github.com/antoniomralmeida/k2/internal/models/kbattributeobject.go:78.27,79.27 1 0
github.com/antoniomralmeida/k2/internal/models/kbattributeobject.go:80.29,81.29 1 0
github.com/antoniomralmeida/k2/internal/models/kbattributeobject.go:84.4,84.14 1 0
github.com/antoniomralmeida/k2/internal/models/kbattributeobject.go:86.3,86.23 1 0
github.com/antoniomralmeida/k2/internal/models/kbattributeobject.go:86.23,87.36 1 0
github.com/antoniomralmeida/k2/internal/models/kbattributeobject.go:87.36,89.5 1 0
github.com/antoniomralmeida/k2/internal/models/kbattributeobject.go:90.4,90.14 1 0
github.com/antoniomralmeida/k2/internal/models/kbattributeobject.go:94.3,94.7 1 0
github.com/antoniomralmeida/k2/internal/models/kbattributeobject.go:94.7,95.11 1 0
github.com/antoniomralmeida/k2/internal/models/kbattributeobject.go:96.37,98.30 2 0
github.com/antoniomralmeida/k2/internal/models/kbattributeobject.go:99.19,100.28 1 0
github.com/antoniomralmeida/k2/internal/models/kbattributeobject.go:100.28,102.6 1 0
github.com/antoniomralmeida/k2/internal/models/kbattributeobject.go:108.53,110.2 1 0
github.com/antoniomralmeida/k2/internal/models/kbattributeobject.go:112.48,116.2 3 0
github.com/antoniomralmeida/k2/internal/models/kbattributeobject.go:118.95,119.17 1 0
github.com/antoniomralmeida/k2/internal/models/kbattributeobject.go:119.17,122.3 2 0
github.com/antoniomralmeida/k2/internal/models/kbattributeobject.go:123.2,123.63 1 0
github.com/antoniomralmeida/k2/internal/models/kbattributeobject.go:123.63,126.3 2 0
github.com/antoniomralmeida/k2/internal/models/kbattributeobject.go:127.2,127.48 1 0
github.com/antoniomralmeida/k2/internal/models/kbattributeobject.go:127.48,129.33 2 0
github.com/antoniomralmeida/k2/internal/models/kbattributeobject.go:130.17,131.42 1 0
github.com/antoniomralmeida/k2/internal/models/kbattributeobject.go:132.15,134.18 2 0
github.com/antoniomralmeida/k2/internal/models/kbattributeobject.go:134.18,136.5 1 0
github.com/antoniomralmeida/k2/internal/models/kbattributeobject.go:136.10,139.5 2 0
github.com/antoniomralmeida/k2/internal/models/kbattributeobject.go:142.2,145.24 4 0
github.com/antoniomralmeida/k2/internal/models/kbattributeobject.go:145.25,148.3 0 0
github.com/antoniomralmeida/k2/internal/models/kbattributeobject.go:148.8,150.3 1 0
github.com/antoniomralmeida/k2/internal/models/kbattributeobject.go:152.2,152.39 1 0
github.com/antoniomralmeida/k2/internal/models/kbattributeobject.go:152.39,154.3 1 0
github.com/antoniomralmeida/k2/internal/models/kbattributeobject.go:155.2,155.11 1 0
github.com/antoniomralmeida/k2/internal/models/kbattributeobject.go:158.57,166.40 4 0
github.com/antoniomralmeida/k2/internal/models/kbattributeobject.go:166.40,174.21 8 0
github.com/antoniomralmeida/k2/internal/models/kbattributeobject.go:174.21,177.4 2 0
github.com/antoniomralmeida/k2/internal/models/kbattributeobject.go:178.3,181.23 4 0
github.com/antoniomralmeida/k2/internal/models/kbattributeobject.go:181.23,185.4 3 0
github.com/antoniomralmeida/k2/internal/models/kbattributeobject.go:186.3,191.58 6 0
github.com/antoniomralmeida/k2/internal/models/kbattributeobject.go:193.2,193.12 1 0
github.com/antoniomralmeida/k2/internal/models/kbattributeobject.go:196.51,198.40 2 0
github.com/antoniomralmeida/k2/internal/models/kbattributeobject.go:198.40,222.3 17 0
github.com/antoniomralmeida/k2/internal/models/kbattributeobject.go:224.2,224.12 1 0
github.com/antoniomralmeida/k2/internal/models/kbattributeobject.go:227.59,230.40 2 0
github.com/antoniomralmeida/k2/internal/models/kbattributeobject.go:230.40,254.3 17 0
github.com/antoniomralmeida/k2/internal/models/kbattributeobject.go:255.2,255.12 1 0
github.com/antoniomralmeida/k2/internal/models/kbattributeobject.go:258.51,260.22 2 0
github.com/antoniomralmeida/k2/internal/models/kbattributeobject.go:260.22,262.61 2 0
github.com/antoniomralmeida/k2/internal/models/kbattributeobject.go:262.61,268.38 6 0
github.com/antoniomralmeida/k2/internal/models/kbattributeobject.go:268.38,270.5 1 0
github.com/antoniomralmeida/k2/internal/models/kbattributeobject.go:270.10,272.20 2 0
github.com/antoniomralmeida/k2/internal/models/kbattributeobject.go:272.20,274.6 1 0
github.com/antoniomralmeida/k2/internal/models/kbattributeobject.go:278.2,278.12 1 0
github.com/antoniomralmeida/k2/internal/models/kbattributeobject.go:281.62,282.22 1 0
github.com/antoniomralmeida/k2/internal/models/kbattributeobject.go:282.22,283.28 1 0
github.com/antoniomralmeida/k2/internal/models/kbattributeobject.go:283.28,285.4 1 0
github.com/antoniomralmeida/k2/internal/models/kbattributeobject.go:287.2,287.14 1 0
github.com/antoniomralmeida/k2/internal/models/kbclass.go:26.43,30.22 4 1
github.com/antoniomralmeida/k2/internal/models/kbclass.go:30.22,32.3 1 0
github.com/antoniomralmeida/k2/internal/models/kbclass.go:33.2,33.12 1 1
github.com/antoniomralmeida/k2/internal/models/kbclass.go:36.46,38.2 1 1
github.com/antoniomralmeida/k2/internal/models/kbclass.go:40.63,41.18 1 1
github.com/antoniomralmeida/k2/internal/models/kbclass.go:41.18,43.25 2 0
github.com/antoniomralmeida/k2/internal/models/kbclass.go:43.25,46.4 2 0
github.com/antoniomralmeida/k2/internal/models/kbclass.go:47.3,47.95 1 0
github.com/antoniomralmeida/k2/internal/models/kbclass.go:48.8,50.3 1 1
github.com/antoniomralmeida/k2/internal/models/kbclass.go:51.2,53.9 3 1
github.com/antoniomralmeida/k2/internal/models/kbclass.go:53.9,55.3 1 1
github.com/antoniomralmeida/k2/internal/models/kbclass.go:56.2,57.16 2 1
github.com/antoniomralmeida/k2/internal/models/kbclass.go:57.16,59.3 1 1
github.com/antoniomralmeida/k2/internal/models/kbclass.go:60.2,60.14 1 0
github.com/antoniomralmeida/k2/internal/models/kbclass.go:63.37,66.2 2 1
github.com/antoniomralmeida/k2/internal/models/kbclass.go:68.63,70.2 1 0
github.com/antoniomralmeida/k2/internal/models/kbclass.go:72.47,74.14 2 0
github.com/antoniomralmeida/k2/internal/models/kbclass.go:74.14,77.3 2 0
github.com/antoniomralmeida/k2/internal/models/kbclass.go:77.8,79.3 1 0
github.com/antoniomralmeida/k2/internal/models/kbclass.go:82.38,84.39 2 0
github.com/antoniomralmeida/k2/internal/models/kbclass.go:84.39,86.40 2 0
github.com/antoniomralmeida/k2/internal/models/kbclass.go:86.40,88.18 2 0
github.com/antoniomralmeida/k2/internal/models/kbclass.go:88.18,92.5 2 0
github.com/antoniomralmeida/k2/internal/models/kbclass.go:93.4,93.14 1 0
github.com/antoniomralmeida/k2/internal/models/kbclass.go:96.2,96.35 1 0
github.com/antoniomralmeida/k2/internal/models/kbclass.go:99.39,103.2 3 1
github.com/antoniomralmeida/k2/internal/models/kbclass.go:105.48,107.14 2 0
github.com/antoniomralmeida/k2/internal/models/kbclass.go:107.14,108.27 1 0
github.com/antoniomralmeida/k2/internal/models/kbclass.go:108.27,110.4 1 0
github.com/antoniomralmeida/k2/internal/models/kbclass.go:111.3,111.31 1 0
github.com/antoniomralmeida/k2/internal/models/kbclass.go:111.31,113.4 1 0
github.com/antoniomralmeida/k2/internal/models/kbclass.go:115.2,115.12 1 0
github.com/antoniomralmeida/k2/internal/models/kbclass.go:118.58,120.26 2 0
github.com/antoniomralmeida/k2/internal/models/kbclass.go:120.26,121.21 1 0
github.com/antoniomralmeida/k2/internal/models/kbclass.go:121.21,123.4 1 0
github.com/antoniomralmeida/k2/internal/models/kbclass.go:125.2,125.12 1 0
github.com/antoniomralmeida/k2/internal/models/kbclass.go:128.33,129.30 1 0
github.com/antoniomralmeida/k2/internal/models/kbclass.go:129.30,130.34 1 0
github.com/antoniomralmeida/k2/internal/models/kbclass.go:130.34,132.4 1 0
github.com/antoniomralmeida/k2/internal/models/kbclass.go:134.2,134.37 1 0
github.com/antoniomralmeida/k2/internal/models/kbclass.go:137.58,140.29 3 0
github.com/antoniomralmeida/k2/internal/models/kbclass.go:140.29,143.3 2 0
github.com/antoniomralmeida/k2/internal/models/kbclass.go:144.2,144.12 1 0
github.com/antoniomralmeida/k2/internal/models/kbhistory.go:23.39,26.2 1 0
github.com/antoniomralmeida/k2/internal/models/kbhistory.go:28.65,30.2 1 0
github.com/antoniomralmeida/k2/internal/models/kbhistory.go:32.56,41.6 4 0
github.com/antoniomralmeida/k2/internal/models/kbhistory.go:41.6,46.17 5 0
github.com/antoniomralmeida/k2/internal/models/kbhistory.go:46.17,48.4 1 0
github.com/antoniomralmeida/k2/internal/models/kbhistory.go:49.3,52.17 4 0
github.com/antoniomralmeida/k2/internal/models/kbhistory.go:52.17,54.4 1 0
github.com/antoniomralmeida/k2/internal/models/kbhistory.go:55.3,55.34 1 0
github.com/antoniomralmeida/k2/internal/models/kbhistory.go:55.34,57.4 1 0
github.com/antoniomralmeida/k2/internal/models/kbhistory.go:58.3,60.25 3 0
github.com/antoniomralmeida/k2/internal/models/kbhistory.go:60.25,62.4 1 0
github.com/antoniomralmeida/k2/internal/models/kbhistory.go:62.9,64.4 1 0
github.com/antoniomralmeida/k2/internal/models/kbhistory.go:68.51,71.16 3 0
github.com/antoniomralmeida/k2/internal/models/kbhistory.go:71.16,73.3 1 0
github.com/antoniomralmeida/k2/internal/models/kbhistory.go:74.2,74.12 1 0
github.com/antoniomralmeida/k2/internal/models/kbhistory.go:77.37,81.2 3 0
github.com/antoniomralmeida/k2/internal/models/kbobject.go:21.57,23.14 2 0
github.com/antoniomralmeida/k2/internal/models/kbobject.go:23.14,26.3 2 0
github.com/antoniomralmeida/k2/internal/models/kbobject.go:27.2,28.38 2 0
github.com/antoniomralmeida/k2/internal/models/kbobject.go:28.38,32.3 2 0
github.com/antoniomralmeida/k2/internal/models/kbobject.go:33.2,35.11 2 0
github.com/antoniomralmeida/k2/internal/models/kbobject.go:38.52,42.2 3 0
github.com/antoniomralmeida/k2/internal/models/kbobject.go:44.66,46.42 2 0
github.com/antoniomralmeida/k2/internal/models/kbobject.go:46.42,50.3 2 0
github.com/antoniomralmeida/k2/internal/models/kbobject.go:51.2,53.11 2 0
github.com/antoniomralmeida/k2/internal/models/kbobject.go:56.38,59.2 1 0
github.com/antoniomralmeida/k2/internal/models/kbobject.go:61.64,63.2 1 0
github.com/antoniomralmeida/k2/internal/models/kbobject.go:65.36,69.2 3 0
github.com/antoniomralmeida/k2/internal/models/kbobject.go:71.35,79.2 4 0
github.com/antoniomralmeida/k2/internal/models/kbrule.go:32.68,34.39 2 0
github.com/antoniomralmeida/k2/internal/models/kbrule.go:34.39,36.3 1 0
github.com/antoniomralmeida/k2/internal/models/kbrule.go:37.2,41.11 5 0
github.com/antoniomralmeida/k2/internal/models/kbrule.go:44.34,48.2 3 0
github.com/antoniomralmeida/k2/internal/models/kbrule.go:50.36,53.2 1 0
github.com/antoniomralmeida/k2/internal/models/kbrule.go:55.62,57.2 1 0
github.com/antoniomralmeida/k2/internal/models/kbrule.go:59.39,61.29 2 0
github.com/antoniomralmeida/k2/internal/models/kbrule.go:61.29,62.26 1 0
github.com/antoniomralmeida/k2/internal/models/kbrule.go:62.26,64.9 2 0
github.com/antoniomralmeida/k2/internal/models/kbrule.go:67.2,67.12 1 0
github.com/antoniomralmeida/k2/internal/models/kbrule.go:67.12,69.3 1 0
github.com/antoniomralmeida/k2/internal/models/kbrule.go:72.35,74.2 1 0
github.com/antoniomralmeida/k2/internal/models/kbrule.go:76.34,84.13 2 0
github.com/antoniomralmeida/k2/internal/models/kbrule.go:84.13,86.3 1 0
github.com/antoniomralmeida/k2/internal/models/kbrule.go:87.2,99.32 8 0
github.com/antoniomralmeida/k2/internal/models/kbrule.go:99.32,100.31 1 0
github.com/antoniomralmeida/k2/internal/models/kbrule.go:101.26,102.24 1 0
github.com/antoniomralmeida/k2/internal/models/kbrule.go:103.15,104.22 1 0
github.com/antoniomralmeida/k2/internal/models/kbrule.go:104.22,105.17 1 0
github.com/antoniomralmeida/k2/internal/models/kbrule.go:107.14,109.37 2 0
github.com/antoniomralmeida/k2/internal/models/kbrule.go:109.37,111.5 1 0
github.com/antoniomralmeida/k2/internal/models/kbrule.go:112.4,113.36 2 0
github.com/antoniomralmeida/k2/internal/models/kbrule.go:113.36,115.5 1 0
github.com/antoniomralmeida/k2/internal/models/kbrule.go:116.4,116.30 1 0
github.com/antoniomralmeida/k2/internal/models/kbrule.go:116.30,118.5 1 0
github.com/antoniomralmeida/k2/internal/models/kbrule.go:120.4,120.35 1 0
github.com/antoniomralmeida/k2/internal/models/kbrule.go:120.35,122.5 1 0
github.com/antoniomralmeida/k2/internal/models/kbrule.go:124.4,124.49 1 0
github.com/antoniomralmeida/k2/internal/models/kbrule.go:124.49,126.5 1 0
github.com/antoniomralmeida/k2/internal/models/kbrule.go:127.13,130.8 1 0
github.com/antoniomralmeida/k2/internal/models/kbrule.go:130.8,133.52 2 0
github.com/antoniomralmeida/k2/internal/models/kbrule.go:133.52,136.6 2 0
github.com/antoniomralmeida/k2/internal/models/kbrule.go:137.5,137.38 1 0
github.com/antoniomralmeida/k2/internal/models/kbrule.go:137.38,139.6 1 0
github.com/antoniomralmeida/k2/internal/models/kbrule.go:140.5,141.41 2 0
github.com/antoniomralmeida/k2/internal/models/kbrule.go:141.41,143.6 1 0
github.com/antoniomralmeida/k2/internal/models/kbrule.go:145.5,145.31 1 0
github.com/antoniomralmeida/k2/internal/models/kbrule.go:145.31,147.6 1 0
github.com/antoniomralmeida/k2/internal/models/kbrule.go:148.5,155.37 7 0
github.com/antoniomralmeida/k2/internal/models/kbrule.go:155.37,157.82 2 0
github.com/antoniomralmeida/k2/internal/models/kbrule.go:157.82,159.7 1 0
github.com/antoniomralmeida/k2/internal/models/kbrule.go:160.6,160.10 1 0
github.com/antoniomralmeida/k2/internal/models/kbrule.go:162.5,162.33 1 0
github.com/antoniomralmeida/k2/internal/models/kbrule.go:163.15,164.36 1 0
github.com/antoniomralmeida/k2/internal/models/kbrule.go:165.18,166.36 1 0
github.com/antoniomralmeida/k2/internal/models/kbrule.go:167.22,168.36 1 0
github.com/antoniomralmeida/k2/internal/models/kbrule.go:169.17,172.38 3 0
github.com/antoniomralmeida/k2/internal/models/kbrule.go:172.38,175.7 2 0
github.com/antoniomralmeida/k2/internal/models/kbrule.go:176.20,179.38 3 0
github.com/antoniomralmeida/k2/internal/models/kbrule.go:179.38,182.7 2 0
github.com/antoniomralmeida/k2/internal/models/kbrule.go:184.5,185.106 2 0
github.com/antoniomralmeida/k2/internal/models/kbrule.go:185.106,187.6 1 0
github.com/antoniomralmeida/k2/internal/models/kbrule.go:188.5,189.53 2 0
github.com/antoniomralmeida/k2/internal/models/kbrule.go:189.53,192.6 2 0
github.com/antoniomralmeida/k2/internal/models/kbrule.go:194.5,194.33 1 0
github.com/antoniomralmeida/k2/internal/models/kbrule.go:195.17,196.17 1 0
github.com/antoniomralmeida/k2/internal/models/kbrule.go:197.16,200.55 3 0
github.com/antoniomralmeida/k2/internal/models/kbrule.go:201.15,203.55 2 0
github.com/antoniomralmeida/k2/internal/models/kbrule.go:206.11,207.8 1 0
github.com/antoniomralmeida/k2/internal/models/kbrule.go:211.2,211.20 1 0
github.com/antoniomralmeida/k2/internal/models/kbrule.go:211.20,215.25 4 0
github.com/antoniomralmeida/k2/internal/models/kbrule.go:215.25,218.30 3 0
github.com/antoniomralmeida/k2/internal/models/kbrule.go:218.30,221.5 2 0
github.com/antoniomralmeida/k2/internal/models/kbrule.go:222.4,223.27 2 0
github.com/antoniomralmeida/k2/internal/models/kbrule.go:226.3,226.7 1 0
github.com/antoniomralmeida/k2/internal/models/kbrule.go:226.7,232.27 6 0
github.com/antoniomralmeida/k2/internal/models/kbrule.go:232.27,233.43 1 0
github.com/antoniomralmeida/k2/internal/models/kbrule.go:233.43,235.11 2 0
github.com/antoniomralmeida/k2/internal/models/kbrule.go:237.5,240.44 4 0
github.com/antoniomralmeida/k2/internal/models/kbrule.go:242.4,242.10 1 0
github.com/antoniomralmeida/k2/internal/models/kbrule.go:242.10,248.23 6 0
github.com/antoniomralmeida/k2/internal/models/kbrule.go:248.23,250.6 1 0
github.com/antoniomralmeida/k2/internal/models/kbrule.go:252.4,252.14 1 0
github.com/antoniomralmeida/k2/internal/models/kbrule.go:252.14,253.10 1 0
github.com/antoniomralmeida/k2/internal/models/kbrule.go:256.8,258.3 1 0
github.com/antoniomralmeida/k2/internal/models/kbrule.go:259.2,262.12 4 0
github.com/antoniomralmeida/k2/internal/models/kbrule.go:265.71,268.48 1 0
github.com/antoniomralmeida/k2/internal/models/kbrule.go:268.48,269.31 1 0
github.com/antoniomralmeida/k2/internal/models/kbrule.go:270.17,274.35 4 0
github.com/antoniomralmeida/k2/internal/models/kbrule.go:274.35,276.5 1 0
github.com/antoniomralmeida/k2/internal/models/kbrule.go:277.4,279.8 3 0
github.com/antoniomralmeida/k2/internal/models/kbrule.go:279.8,282.38 3 0
github.com/antoniomralmeida/k2/internal/models/kbrule.go:282.38,283.11 1 0
github.com/antoniomralmeida/k2/internal/models/kbrule.go:285.5,285.41 1 0
github.com/antoniomralmeida/k2/internal/models/kbrule.go:285.41,287.6 1 0
github.com/antoniomralmeida/k2/internal/models/kbrule.go:288.5,288.42 1 0
github.com/antoniomralmeida/k2/internal/models/kbrule.go:288.42,290.6 1 0
github.com/antoniomralmeida/k2/internal/models/kbrule.go:291.5,297.38 6 0
github.com/antoniomralmeida/k2/internal/models/kbrule.go:297.38,299.6 1 0
github.com/antoniomralmeida/k2/internal/models/kbrule.go:299.11,299.55 1 0
github.com/antoniomralmeida/k2/internal/models/kbrule.go:299.55,301.6 1 0
github.com/antoniomralmeida/k2/internal/models/kbrule.go:301.11,302.41 1 0
github.com/antoniomralmeida/k2/internal/models/kbrule.go:302.41,304.7 1 0
github.com/antoniomralmeida/k2/internal/models/kbrule.go:305.6,305.10 1 0
github.com/antoniomralmeida/k2/internal/models/kbrule.go:307.5,307.36 1 0
github.com/antoniomralmeida/k2/internal/models/kbrule.go:307.36,310.6 2 0
github.com/antoniomralmeida/k2/internal/models/kbrule.go:312.4,312.10 1 0
github.com/antoniomralmeida/k2/internal/models/kbrule.go:312.10,316.28 4 0
github.com/antoniomralmeida/k2/internal/models/kbrule.go:316.28,321.24 5 0
github.com/antoniomralmeida/k2/internal/models/kbrule.go:321.24,323.7 1 0
github.com/antoniomralmeida/k2/internal/models/kbrule.go:325.5,325.24 1 0
github.com/antoniomralmeida/k2/internal/models/kbrule.go:325.24,327.6 1 0
github.com/antoniomralmeida/k2/internal/models/kbrule.go:328.5,328.15 1 0
github.com/antoniomralmeida/k2/internal/models/kbrule.go:328.15,329.11 1 0
github.com/antoniomralmeida/k2/internal/models/kbrule.go:333.14,335.40 2 0
github.com/antoniomralmeida/k2/internal/models/kbrule.go:335.40,337.5 1 0
github.com/antoniomralmeida/k2/internal/models/kbrule.go:338.4,338.41 1 0
github.com/antoniomralmeida/k2/internal/models/kbrule.go:338.41,340.5 1 0
github.com/antoniomralmeida/k2/internal/models/kbrule.go:341.4,342.76 2 0
github.com/antoniomralmeida/k2/internal/models/kbrule.go:342.76,344.5 1 0
github.com/antoniomralmeida/k2/internal/models/kbrule.go:345.4,345.78 1 0
github.com/antoniomralmeida/k2/internal/models/kbrule.go:345.78,347.5 1 0
github.com/antoniomralmeida/k2/internal/models/kbrule.go:348.4,349.41 2 0
github.com/antoniomralmeida/k2/internal/models/kbrule.go:349.41,352.5 2 0
github.com/antoniomralmeida/k2/internal/models/kbrule.go:352.10,355.5 2 0
github.com/antoniomralmeida/k2/internal/models/kbrule.go:356.4,356.28 1 0
github.com/antoniomralmeida/k2/internal/models/kbrule.go:356.28,357.28 1 0
github.com/antoniomralmeida/k2/internal/models/kbrule.go:357.28,358.25 1 0
github.com/antoniomralmeida/k2/internal/models/kbrule.go:358.25,360.7 1 0
github.com/antoniomralmeida/k2/internal/models/kbrule.go:363.17,369.38 5 0
github.com/antoniomralmeida/k2/internal/models/kbrule.go:369.38,371.5 1 0
github.com/antoniomralmeida/k2/internal/models/kbrule.go:372.4,372.32 1 0
github.com/antoniomralmeida/k2/internal/models/kbrule.go:373.13,376.31 3 0
github.com/antoniomralmeida/k2/internal/models/kbrule.go:376.31,378.6 1 0
github.com/antoniomralmeida/k2/internal/models/kbrule.go:379.5,380.39 2 0
github.com/antoniomralmeida/k2/internal/models/kbrule.go:380.39,382.6 1 0
github.com/antoniomralmeida/k2/internal/models/kbrule.go:383.5,383.33 1 0
github.com/antoniomralmeida/k2/internal/models/kbrule.go:384.15,386.32 2 0
github.com/antoniomralmeida/k2/internal/models/kbrule.go:386.32,388.7 1 0
github.com/antoniomralmeida/k2/internal/models/kbrule.go:389.6,390.10 2 0
github.com/antoniomralmeida/k2/internal/models/kbrule.go:391.18,393.32 2 0
github.com/antoniomralmeida/k2/internal/models/kbrule.go:393.32,395.7 1 0
github.com/antoniomralmeida/k2/internal/models/kbrule.go:396.6,397.10 2 0
github.com/antoniomralmeida/k2/internal/models/kbrule.go:398.18,398.18 0 0
github.com/antoniomralmeida/k2/internal/models/kbrule.go:399.13,400.92 1 0
github.com/antoniomralmeida/k2/internal/models/kbrule.go:403.14,405.31 2 0
github.com/antoniomralmeida/k2/internal/models/kbrule.go:405.31,407.6 1 0
github.com/antoniomralmeida/k2/internal/models/kbrule.go:408.5,408.32 1 0
github.com/antoniomralmeida/k2/internal/models/kbrule.go:409.12,410.91 1 0
github.com/antoniomralmeida/k2/internal/models/kbrule.go:412.4,412.39 1 0
github.com/antoniomralmeida/k2/internal/models/kbrule.go:412.39,414.20 2 0
github.com/antoniomralmeida/k2/internal/models/kbrule.go:414.20,416.26 2 0
github.com/antoniomralmeida/k2/internal/models/kbrule.go:416.26,418.7 1 0
github.com/antoniomralmeida/k2/internal/models/kbrule.go:418.12,420.7 1 0
github.com/antoniomralmeida/k2/internal/models/kbrule.go:421.11,424.6 2 0
github.com/antoniomralmeida/k2/internal/models/kbrule.go:426.19,428.44 2 0
github.com/antoniomralmeida/k2/internal/models/kbrule.go:428.44,430.5 1 0
github.com/antoniomralmeida/k2/internal/models/kbrule.go:431.4,433.68 3 0
github.com/antoniomralmeida/k2/internal/models/kbrule.go:434.15,436.33 2 0
github.com/antoniomralmeida/k2/internal/models/kbrule.go:437.19,439.35 2 0
github.com/antoniomralmeida/k2/internal/models/kbrule.go:439.35,441.5 1 0
github.com/antoniomralmeida/k2/internal/models/kbrule.go:442.4,444.34 3 0
github.com/antoniomralmeida/k2/internal/models/kbrule.go:444.34,446.5 1 0
github.com/antoniomralmeida/k2/internal/models/kbrule.go:447.4,448.26 2 0
github.com/antoniomralmeida/k2/internal/models/kbrule.go:449.11,450.90 1 0
github.com/antoniomralmeida/k2/internal/models/kbrule.go:466.2,466.12 1 0
github.com/antoniomralmeida/k2/internal/models/kbstack.go:27.37,29.2 1 0
github.com/antoniomralmeida/k2/internal/models/kbstack.go:30.63,32.2 1 0
github.com/antoniomralmeida/k2/internal/models/kbstack.go:34.51,39.2 4 0
github.com/antoniomralmeida/k2/internal/models/kbstack.go:41.40,42.26 1 0
github.com/antoniomralmeida/k2/internal/models/kbstack.go:42.26,44.3 1 0
github.com/antoniomralmeida/k2/internal/models/kbstack.go:45.2,45.12 1 0
github.com/antoniomralmeida/k2/internal/models/kbstack.go:48.35,53.25 5 0
github.com/antoniomralmeida/k2/internal/models/kbstack.go:53.25,55.3 1 0
github.com/antoniomralmeida/k2/internal/models/kbstack.go:56.2,58.8 3 0
github.com/antoniomralmeida/k2/internal/models/kbstack.go:61.26,64.2 2 0
github.com/antoniomralmeida/k2/internal/models/kbuser.go:24.37,27.2 2 0
github.com/antoniomralmeida/k2/internal/models/kbuser.go:29.36,32.2 1 0
github.com/antoniomralmeida/k2/internal/models/kbuser.go:34.62,36.2 1 0
github.com/antoniomralmeida/k2/internal/models/kbuser.go:38.45,41.2 2 0
github.com/antoniomralmeida/k2/internal/models/kbuser.go:43.58,45.17 2 0
github.com/antoniomralmeida/k2/internal/models/kbuser.go:45.17,47.17 2 0
github.com/antoniomralmeida/k2/internal/models/kbuser.go:47.17,49.4 1 0
github.com/antoniomralmeida/k2/internal/models/kbuser.go:51.2,52.16 2 0
github.com/antoniomralmeida/k2/internal/models/kbuser.go:52.16,54.3 1 0
github.com/antoniomralmeida/k2/internal/models/kbuser.go:55.2,56.20 2 0
github.com/antoniomralmeida/k2/internal/models/kbuser.go:59.21,63.33 4 0
github.com/antoniomralmeida/k2/internal/models/kbuser.go:63.33,70.3 6 0
github.com/antoniomralmeida/k2/internal/models/kbuser.go:70.8,72.3 1 0
github.com/antoniomralmeida/k2/internal/models/kbuser.go:75.20,83.23 8 0
github.com/antoniomralmeida/k2/internal/models/kbuser.go:83.23,85.3 1 0
github.com/antoniomralmeida/k2/internal/models/kbworkspace.go:24.63,26.16 2 0
github.com/antoniomralmeida/k2/internal/models/kbworkspace.go:26.16,29.3 2 0
github.com/antoniomralmeida/k2/internal/models/kbworkspace.go:30.2,32.16 3 0
github.com/antoniomralmeida/k2/internal/models/kbworkspace.go:32.16,35.3 2 0
github.com/antoniomralmeida/k2/internal/models/kbworkspace.go:35.8,38.3 2 0
github.com/antoniomralmeida/k2/internal/models/kbworkspace.go:41.41,44.2 1 0
github.com/antoniomralmeida/k2/internal/models/kbworkspace.go:46.67,48.2 1 0
github.com/antoniomralmeida/k2/internal/models/kbworkspace.go:50.39,54.2 3 0
github.com/antoniomralmeida/k2/internal/models/kbworkspace.go:56.63,64.2 7 0
github.com/antoniomralmeida/k2/internal/models/knowledgebased.go:43.75,44.23 1 0
github.com/antoniomralmeida/k2/internal/models/knowledgebased.go:44.23,47.3 2 0
github.com/antoniomralmeida/k2/internal/models/knowledgebased.go:48.2,48.37 1 0
github.com/antoniomralmeida/k2/internal/models/knowledgebased.go:51.16,53.2 1 0
github.com/antoniomralmeida/k2/internal/models/knowledgebased.go:55.17,57.2 1 0
github.com/antoniomralmeida/k2/internal/models/knowledgebased.go:59.15,61.2 1 0
github.com/antoniomralmeida/k2/internal/models/knowledgebased.go:63.55,64.24 1 0
github.com/antoniomralmeida/k2/internal/models/knowledgebased.go:64.24,67.3 2 0
github.com/antoniomralmeida/k2/internal/models/knowledgebased.go:68.2,68.17 1 0
github.com/antoniomralmeida/k2/internal/models/knowledgebased.go:68.17,71.3 2 0
github.com/antoniomralmeida/k2/internal/models/knowledgebased.go:72.2,75.34 4 0
github.com/antoniomralmeida/k2/internal/models/knowledgebased.go:75.34,77.3 1 0
github.com/antoniomralmeida/k2/internal/models/knowledgebased.go:78.2,79.16 2 0
github.com/antoniomralmeida/k2/internal/models/knowledgebased.go:79.16,83.3 2 0
github.com/antoniomralmeida/k2/internal/models/knowledgebased.go:83.8,86.3 2 0
github.com/antoniomralmeida/k2/internal/models/knowledgebased.go:89.62,90.24 1 0
github.com/antoniomralmeida/k2/internal/models/knowledgebased.go:90.24,93.3 2 0
github.com/antoniomralmeida/k2/internal/models/knowledgebased.go:94.2,96.19 3 0
github.com/antoniomralmeida/k2/internal/models/knowledgebased.go:96.19,99.3 2 0
github.com/antoniomralmeida/k2/internal/models/knowledgebased.go:100.2,101.16 2 0
github.com/antoniomralmeida/k2/internal/models/knowledgebased.go:101.16,105.3 2 0
github.com/antoniomralmeida/k2/internal/models/knowledgebased.go:105.8,108.3 2 0
github.com/antoniomralmeida/k2/internal/models/knowledgebased.go:111.59,113.2 1 0
github.com/antoniomralmeida/k2/internal/models/knowledgebased.go:115.73,116.31 1 0
github.com/antoniomralmeida/k2/internal/models/knowledgebased.go:116.31,117.41 1 0
github.com/antoniomralmeida/k2/internal/models/knowledgebased.go:117.41,119.4 1 0
github.com/antoniomralmeida/k2/internal/models/knowledgebased.go:121.2,122.12 2 0
github.com/antoniomralmeida/k2/internal/models/knowledgebased.go:125.90,129.2 3 0
github.com/antoniomralmeida/k2/internal/models/knowledgebased.go:131.94,132.32 1 0
github.com/antoniomralmeida/k2/internal/models/knowledgebased.go:132.32,133.49 1 0
github.com/antoniomralmeida/k2/internal/models/knowledgebased.go:133.49,135.4 1 0
github.com/antoniomralmeida/k2/internal/models/knowledgebased.go:137.2,137.12 1 0
github.com/antoniomralmeida/k2/internal/models/knowledgebased.go:140.103,144.16 4 0
github.com/antoniomralmeida/k2/internal/models/knowledgebased.go:144.16,146.3 1 0
github.com/antoniomralmeida/k2/internal/models/knowledgebased.go:146.8,149.3 2 0
github.com/antoniomralmeida/k2/internal/models/knowledgebased.go:152.55,155.2 2 0
github.com/antoniomralmeida/k2/internal/models/knowledgebased.go:157.44,160.2 1 0
github.com/antoniomralmeida/k2/internal/models/knowledgebased.go:162.70,164.2 1 0
github.com/antoniomralmeida/k2/internal/models/knowledgebased.go:166.43,170.2 3 0
github.com/antoniomralmeida/k2/internal/models/knowledgebased.go:172.36,177.22 4 0
github.com/antoniomralmeida/k2/internal/models/knowledgebased.go:177.22,178.37 1 0
github.com/antoniomralmeida/k2/internal/models/knowledgebased.go:178.37,180.57 2 0
github.com/antoniomralmeida/k2/internal/models/knowledgebased.go:180.57,183.5 2 0
github.com/antoniomralmeida/k2/internal/models/knowledgebased.go:186.2,186.12 1 0
github.com/antoniomralmeida/k2/internal/models/knowledgebased.go:189.65,195.2 5 0
github.com/antoniomralmeida/k2/internal/models/knowledgebased.go:197.31,202.24 4 0
github.com/antoniomralmeida/k2/internal/models/knowledgebased.go:202.24,204.3 1 0
github.com/antoniomralmeida/k2/internal/models/knowledgebased.go:205.2,207.21 3 0
github.com/antoniomralmeida/k2/internal/models/knowledgebased.go:210.66,212.40 1 0
github.com/antoniomralmeida/k2/internal/models/knowledgebased.go:212.40,213.52 1 0
github.com/antoniomralmeida/k2/internal/models/knowledgebased.go:213.52,214.58 1 0
github.com/antoniomralmeida/k2/internal/models/knowledgebased.go:214.58,216.5 1 0
github.com/antoniomralmeida/k2/internal/models/knowledgebased.go:219.2,219.8 1 0
github.com/antoniomralmeida/k2/internal/models/knowledgebased.go:222.49,224.26 2 0
github.com/antoniomralmeida/k2/internal/models/knowledgebased.go:224.26,225.155 1 0
github.com/antoniomralmeida/k2/internal/models/knowledgebased.go:225.155,228.4 2 0
github.com/antoniomralmeida/k2/internal/models/knowledgebased.go:231.2,232.26 2 0
github.com/antoniomralmeida/k2/internal/models/knowledgebased.go:232.26,234.3 1 0
github.com/antoniomralmeida/k2/internal/models/knowledgebased.go:236.2,236.12 1 0
github.com/antoniomralmeida/k2/internal/models/knowledgebased.go:239.48,241.28 2 0
github.com/antoniomralmeida/k2/internal/models/knowledgebased.go:241.28,242.28 1 0
github.com/antoniomralmeida/k2/internal/models/knowledgebased.go:242.28,243.28 1 0
github.com/antoniomralmeida/k2/internal/models/knowledgebased.go:243.28,244.42 1 0
github.com/antoniomralmeida/k2/internal/models/knowledgebased.go:244.42,245.59 1 0
github.com/antoniomralmeida/k2/internal/models/knowledgebased.go:245.59,247.45 2 0
github.com/antoniomralmeida/k2/internal/models/knowledgebased.go:247.45,249.8 1 0
github.com/antoniomralmeida/k2/internal/models/knowledgebased.go:253.4,253.31 1 0
github.com/antoniomralmeida/k2/internal/models/knowledgebased.go:256.2,256.12 1 0
github.com/antoniomralmeida/k2/internal/models/knowledgebased.go:259.80,263.34 4 0
github.com/antoniomralmeida/k2/internal/models/knowledgebased.go:263.34,265.3 1 0
github.com/antoniomralmeida/k2/internal/models/knowledgebased.go:266.2,274.24 9 0
github.com/antoniomralmeida/k2/internal/models/knowledgebased.go:274.24,275.10 1 0
github.com/antoniomralmeida/k2/internal/models/knowledgebased.go:276.77,277.28 1 0
github.com/antoniomralmeida/k2/internal/models/knowledgebased.go:277.28,280.5 2 0
github.com/antoniomralmeida/k2/internal/models/knowledgebased.go:280.10,280.23 1 0
github.com/antoniomralmeida/k2/internal/models/knowledgebased.go:280.23,281.30 1 0
github.com/antoniomralmeida/k2/internal/models/knowledgebased.go:281.30,284.6 2 0
github.com/antoniomralmeida/k2/internal/models/knowledgebased.go:285.10,285.21 1 0
github.com/antoniomralmeida/k2/internal/models/knowledgebased.go:285.21,288.5 2 0
github.com/antoniomralmeida/k2/internal/models/knowledgebased.go:288.10,289.30 1 0
github.com/antoniomralmeida/k2/internal/models/knowledgebased.go:289.30,292.6 2 0
github.com/antoniomralmeida/k2/internal/models/knowledgebased.go:292.11,292.52 1 0
github.com/antoniomralmeida/k2/internal/models/knowledgebased.go:292.52,294.6 1 0
github.com/antoniomralmeida/k2/internal/models/knowledgebased.go:296.64,298.17 2 0
github.com/antoniomralmeida/k2/internal/models/knowledgebased.go:299.64,301.17 2 0
github.com/antoniomralmeida/k2/internal/models/knowledgebased.go:302.65,304.19 2 0
github.com/antoniomralmeida/k2/internal/models/knowledgebased.go:305.11,305.11 0 0
github.com/antoniomralmeida/k2/internal/models/knowledgebased.go:308.2,312.27 5 0
github.com/antoniomralmeida/k2/internal/models/knowledgebased.go:312.27,315.26 3 0
github.com/antoniomralmeida/k2/internal/models/knowledgebased.go:315.26,323.57 1 0
github.com/antoniomralmeida/k2/internal/models/knowledgebased.go:323.57,324.34 1 0
github.com/antoniomralmeida/k2/internal/models/knowledgebased.go:324.34,325.42 1 0
github.com/antoniomralmeida/k2/internal/models/knowledgebased.go:325.42,327.7 1 0
github.com/antoniomralmeida/k2/internal/models/knowledgebased.go:328.11,328.42 1 0
github.com/antoniomralmeida/k2/internal/models/knowledgebased.go:328.42,329.36 1 0
github.com/antoniomralmeida/k2/internal/models/knowledgebased.go:329.36,331.7 1 0
github.com/antoniomralmeida/k2/internal/models/knowledgebased.go:332.11,334.6 1 0
github.com/antoniomralmeida/k2/internal/models/knowledgebased.go:335.5,335.11 1 0
github.com/antoniomralmeida/k2/internal/models/knowledgebased.go:335.11,337.11 2 0
github.com/antoniomralmeida/k2/internal/models/knowledgebased.go:342.3,342.28 1 0
github.com/antoniomralmeida/k2/internal/models/knowledgebased.go:342.28,344.27 2 0
github.com/antoniomralmeida/k2/internal/models/knowledgebased.go:344.27,346.5 1 0
github.com/antoniomralmeida/k2/internal/models/knowledgebased.go:347.4,347.37 1 0
github.com/antoniomralmeida/k2/internal/models/knowledgebased.go:349.3,351.61 3 0
github.com/antoniomralmeida/k2/internal/models/knowledgebased.go:351.61,353.4 1 0
github.com/antoniomralmeida/k2/internal/models/knowledgebased.go:354.3,354.27 1 0
github.com/antoniomralmeida/k2/internal/models/knowledgebased.go:356.2,356.34 1 0
github.com/antoniomralmeida/k2/internal/models/knowledgebased.go:356.34,357.57 1 0
github.com/antoniomralmeida/k2/internal/models/knowledgebased.go:357.57,360.4 2 0
github.com/antoniomralmeida/k2/internal/models/knowledgebased.go:362.2,364.25 3 0
github.com/antoniomralmeida/k2/internal/models/knowledgebased.go:364.25,366.3 1 0
github.com/antoniomralmeida/k2/internal/models/knowledgebased.go:367.2,367.35 1 0
github.com/antoniomralmeida/k2/internal/models/knowledgebased.go:370.67,377.24 5 0
github.com/antoniomralmeida/k2/internal/models/knowledgebased.go:377.24,378.23 1 0
github.com/antoniomralmeida/k2/internal/models/knowledgebased.go:379.20,381.19 2 0
github.com/antoniomralmeida/k2/internal/models/knowledgebased.go:382.15,384.24 2 0
github.com/antoniomralmeida/k2/internal/models/knowledgebased.go:386.3,386.27 1 0
github.com/antoniomralmeida/k2/internal/models/knowledgebased.go:387.18,388.31 1 0
github.com/antoniomralmeida/k2/internal/models/knowledgebased.go:388.31,390.5 1 0
github.com/antoniomralmeida/k2/internal/models/knowledgebased.go:391.15,392.32 1 0
github.com/antoniomralmeida/k2/internal/models/knowledgebased.go:392.32,395.5 2 0
github.com/antoniomralmeida/k2/internal/models/knowledgebased.go:396.14,397.27 1 0
github.com/antoniomralmeida/k2/internal/models/knowledgebased.go:397.27,402.28 5 0
github.com/antoniomralmeida/k2/internal/models/knowledgebased.go:402.28,404.6 1 0
github.com/antoniomralmeida/k2/internal/models/knowledgebased.go:406.18,408.35 2 0
github.com/antoniomralmeida/k2/internal/models/knowledgebased.go:408.35,410.5 1 0
github.com/antoniomralmeida/k2/internal/models/knowledgebased.go:410.10,411.33 1 0
github.com/antoniomralmeida/k2/internal/models/knowledgebased.go:411.33,412.75 1 0
github.com/antoniomralmeida/k2/internal/models/knowledgebased.go:412.75,414.12 2 0
github.com/antoniomralmeida/k2/internal/models/knowledgebased.go:418.4,418.17 1 0
github.com/antoniomralmeida/k2/internal/models/knowledgebased.go:418.17,419.42 1 0
github.com/antoniomralmeida/k2/internal/models/knowledgebased.go:419.42,420.34 1 0
github.com/antoniomralmeida/k2/internal/models/knowledgebased.go:420.34,424.7 3 0
github.com/antoniomralmeida/k2/internal/models/knowledgebased.go:425.6,426.33 2 0
github.com/antoniomralmeida/k2/internal/models/knowledgebased.go:426.33,429.7 2 0
github.com/antoniomralmeida/k2/internal/models/knowledgebased.go:430.6,430.11 1 0
github.com/antoniomralmeida/k2/internal/models/knowledgebased.go:431.11,431.48 1 0
github.com/antoniomralmeida/k2/internal/models/knowledgebased.go:431.48,433.18 2 0
github.com/antoniomralmeida/k2/internal/models/knowledgebased.go:433.18,436.7 2 0
github.com/antoniomralmeida/k2/internal/models/knowledgebased.go:437.6,441.29 5 0
github.com/antoniomralmeida/k2/internal/models/knowledgebased.go:441.29,446.7 4 0
github.com/antoniomralmeida/k2/internal/models/knowledgebased.go:447.6,447.11 1 0
github.com/antoniomralmeida/k2/internal/models/knowledgebased.go:448.11,448.59 1 0
github.com/antoniomralmeida/k2/internal/models/knowledgebased.go:448.59,450.18 2 0
github.com/antoniomralmeida/k2/internal/models/knowledgebased.go:450.18,453.7 2 0
github.com/antoniomralmeida/k2/internal/models/knowledgebased.go:454.6,454.18 1 0
github.com/antoniomralmeida/k2/internal/models/knowledgebased.go:454.18,456.7 1 0
github.com/antoniomralmeida/k2/internal/models/knowledgebased.go:457.6,460.29 4 0
github.com/antoniomralmeida/k2/internal/models/knowledgebased.go:460.29,465.7 4 0
github.com/antoniomralmeida/k2/internal/models/knowledgebased.go:466.6,466.11 1 0
github.com/antoniomralmeida/k2/internal/models/knowledgebased.go:468.10,470.5 1 0
github.com/antoniomralmeida/k2/internal/models/knowledgebased.go:471.25,472.4 1 0
github.com/antoniomralmeida/k2/internal/models/knowledgebased.go:472.4,473.25 1 0
github.com/antoniomralmeida/k2/internal/models/knowledgebased.go:473.25,474.34 1 0
github.com/antoniomralmeida/k2/internal/models/knowledgebased.go:474.34,475.76 1 0
github.com/antoniomralmeida/k2/internal/models/knowledgebased.go:475.76,479.13 4 0
github.com/antoniomralmeida/k2/internal/models/knowledgebased.go:482.11,483.43 1 0
github.com/antoniomralmeida/k2/internal/models/knowledgebased.go:483.43,484.89 1 0
github.com/antoniomralmeida/k2/internal/models/knowledgebased.go:484.89,488.13 4 0
github.com/antoniomralmeida/k2/internal/models/knowledgebased.go:494.17,495.4 1 0
github.com/antoniomralmeida/k2/internal/models/knowledgebased.go:495.4,496.36 1 0
github.com/antoniomralmeida/k2/internal/models/knowledgebased.go:496.36,498.34 2 0
github.com/antoniomralmeida/k2/internal/models/knowledgebased.go:498.34,499.45 1 0
github.com/antoniomralmeida/k2/internal/models/knowledgebased.go:499.45,500.35 1 0
github.com/antoniomralmeida/k2/internal/models/knowledgebased.go:500.35,501.52 1 0
github.com/antoniomralmeida/k2/internal/models/knowledgebased.go:501.52,502.31 1 0
github.com/antoniomralmeida/k2/internal/models/knowledgebased.go:502.31,505.16 3 0
github.com/antoniomralmeida/k2/internal/models/knowledgebased.go:511.6,511.13 1 0
github.com/antoniomralmeida/k2/internal/models/knowledgebased.go:511.13,513.7 1 0
github.com/antoniomralmeida/k2/internal/models/knowledgebased.go:517.3,518.15 2 0
github.com/antoniomralmeida/k2/internal/models/knowledgebased.go:518.15,519.24 1 0
github.com/antoniomralmeida/k2/internal/models/knowledgebased.go:519.24,521.5 1 0
github.com/antoniomralmeida/k2/internal/models/knowledgebased.go:521.10,523.5 1 0
github.com/antoniomralmeida/k2/internal/models/knowledgebased.go:525.3,526.16 2 0
github.com/antoniomralmeida/k2/internal/models/knowledgebased.go:526.16,528.4 1 0
github.com/antoniomralmeida/k2/internal/models/knowledgebased.go:529.3,529.33 1 0
github.com/antoniomralmeida/k2/internal/models/knowledgebased.go:529.33,531.4 1 0
github.com/antoniomralmeida/k2/internal/models/knowledgebased.go:533.2,535.12 3 0
github.com/antoniomralmeida/k2/internal/models/knowledgebased.go:538.47,541.19 3 0
github.com/antoniomralmeida/k2/internal/models/knowledgebased.go:541.19,543.3 1 0
github.com/antoniomralmeida/k2/internal/models/knowledgebased.go:544.2,545.11 2 0
github.com/antoniomralmeida/k2/internal/models/knowledgebased.go:548.15,559.40 8 0
github.com/antoniomralmeida/k2/internal/models/knowledgebased.go:559.40,561.3 1 0
github.com/antoniomralmeida/k2/internal/models/knowledgebased.go:563.2,563.40 1 0
github.com/antoniomralmeida/k2/internal/models/knowledgebased.go:563.40,565.27 2 0
github.com/antoniomralmeida/k2/internal/models/knowledgebased.go:565.27,567.17 2 0
github.com/antoniomralmeida/k2/internal/models/knowledgebased.go:567.17,569.5 1 0
github.com/antoniomralmeida/k2/internal/models/knowledgebased.go:569.10,571.5 1 0
github.com/antoniomralmeida/k2/internal/models/knowledgebased.go:575.2,576.40 2 0
github.com/antoniomralmeida/k2/internal/models/knowledgebased.go:576.40,579.15 2 0
github.com/antoniomralmeida/k2/internal/models/knowledgebased.go:579.15,582.42 3 0
github.com/antoniomralmeida/k2/internal/models/knowledgebased.go:582.42,584.5 1 0
github.com/antoniomralmeida/k2/internal/models/knowledgebased.go:585.4,585.35 1 0
github.com/antoniomralmeida/k2/internal/models/knowledgebased.go:585.35,588.29 2 0
github.com/antoniomralmeida/k2/internal/models/knowledgebased.go:588.29,589.29 1 0
github.com/antoniomralmeida/k2/internal/models/knowledgebased.go:589.29,591.12 2 0
github.com/antoniomralmeida/k2/internal/models/knowledgebased.go:593.6,593.40 1 0
github.com/antoniomralmeida/k2/internal/models/knowledgebased.go:593.40,594.12 1 0
github.com/antoniomralmeida/k2/internal/models/knowledgebased.go:597.5,597.64 1 0
github.com/antoniomralmeida/k2/internal/models/knowledgebased.go:597.64,599.6 1 0
github.com/antoniomralmeida/k2/internal/models/knowledgebased.go:603.5,605.19 3 0
github.com/antoniomralmeida/k2/internal/models/knowledgebased.go:605.19,606.36 1 0
github.com/antoniomralmeida/k2/internal/models/knowledgebased.go:606.36,608.7 1 0
github.com/antoniomralmeida/k2/internal/models/knowledgebased.go:609.11,611.6 1 0
github.com/antoniomralmeida/k2/internal/models/knowledgebased.go:612.5,612.52 1 0
github.com/antoniomralmeida/k2/internal/models/knowledgebased.go:614.9,616.4 1 0
github.com/antoniomralmeida/k2/internal/models/knowledgebased.go:619.2,623.35 3 0
github.com/antoniomralmeida/k2/internal/models/knowledgebased.go:623.35,627.3 3 0
github.com/antoniomralmeida/k2/internal/models/knowledgebased.go:630.43,638.23 8 0
github.com/antoniomralmeida/k2/internal/models/knowledgebased.go:638.23,640.3 1 0
github.com/antoniomralmeida/k2/internal/models/knowledgebased.go:641.2,644.12 4 0
github.com/antoniomralmeida/k2/internal/models/knowledgebased.go:647.55,655.23 8 0
github.com/antoniomralmeida/k2/internal/models/knowledgebased.go:655.23,657.3 1 0
github.com/antoniomralmeida/k2/internal/models/knowledgebased.go:658.2,661.12 4 0
github.com/antoniomralmeida/k2/internal/models/knowledgebased.go:664.71,672.23 8 0
github.com/antoniomralmeida/k2/internal/models/knowledgebased.go:672.23,674.3 1 0
github.com/antoniomralmeida/k2/internal/models/knowledgebased.go:675.2,678.12 4 0
github.com/antoniomralmeida/k2/internal/models/knowledgebased.go:681.38,687.2 5 0
github.com/antoniomralmeida/k2/internal/models/knowledgebased.go:689.32,700.26 4 0
github.com/antoniomralmeida/k2/internal/models/knowledgebased.go:700.26,703.4 2 0
github.com/antoniomralmeida/k2/internal/models/knowledgebased.go:705.2,708.26 2 0
github.com/antoniomralmeida/k2/internal/models/knowledgebased.go:708.26,711.4 2 0
github.com/antoniomralmeida/k2/internal/models/knowledgebased.go:713.2,716.31 3 0
github.com/antoniomralmeida/k2/internal/models/knowledgebased.go:716.31,718.3 1 0
github.com/antoniomralmeida/k2/internal/models/knowledgebased.go:719.2,719.6 1 0
github.com/antoniomralmeida/k2/internal/models/knowledgebased.go:719.6,720.27 1 0
github.com/antoniomralmeida/k2/internal/models/knowledgebased.go:720.27,725.4 4 0
github.com/antoniomralmeida/k2/internal/models/literalbin.go:147.38,149.2 1 0
github.com/antoniomralmeida/k2/internal/models/literalbin.go:151.33,153.2 1 0
github.com/antoniomralmeida/k2/internal/models/pair.go:8.36,10.22 2 0
github.com/antoniomralmeida/k2/internal/models/pair.go:10.22,11.89 1 0
github.com/antoniomralmeida/k2/internal/models/pair.go:11.89,13.4 1 0
github.com/antoniomralmeida/k2/internal/models/pair.go:15.2,15.12 1 0
github.com/antoniomralmeida/k2/internal/models/token.go:18.35,20.2 1 0
github.com/antoniomralmeida/k2/internal/models/token.go:22.42,24.2 1 0
github.com/antoniomralmeida/k2/internal/models/token.go:26.37,28.2 1 0
github.com/antoniomralmeida/k2/internal/models/token.go:30.33,32.2 1 0
github.com/antoniomralmeida/k2/internal/models/token.go:34.47,43.2 8 0
github.com/antoniomralmeida/k2/internal/models/token.go:45.50,46.22 1 0
github.com/antoniomralmeida/k2/internal/models/token.go:46.22,47.15 1 0
github.com/antoniomralmeida/k2/internal/models/token.go:47.15,49.4 1 0
github.com/antoniomralmeida/k2/internal/models/token.go:51.2,51.14 1 0
github.com/antoniomralmeida/k2/internal/models/tokentype.go:23.37,25.2 1 0
github.com/antoniomralmeida/k2/internal/models/tokentype.go:27.32,29.2 1 0
